<?xml version="1.0" encoding="UTF-8" ?>
<testsuite tests="11" failures="0" name="pro.javatar.security.oidc.services.OidcAuthenticationHelperTest" time="0.038" errors="0" skipped="0">
  <properties>
[...]
</properties>
  <testcase classname="pro.javatar.security.oidc.services.OidcAuthenticationHelperTest" name="realmForCurrentRequest" time="0"/>
  <testcase classname="pro.javatar.security.oidc.services.OidcAuthenticationHelperTest" name="getBearerTokenFromResponse" time="0.014"/>
  <testcase classname="pro.javatar.security.oidc.services.OidcAuthenticationHelperTest" name="getRefreshTokenFromRequest" time="0.017"/>
  <testcase classname="pro.javatar.security.oidc.services.OidcAuthenticationHelperTest" name="validateRealm" time="0.001"/>
  <testcase classname="pro.javatar.security.oidc.services.OidcAuthenticationHelperTest" name="safeCleanupSecurityContext" time="0.002"/>
  <testcase classname="pro.javatar.security.oidc.services.OidcAuthenticationHelperTest" name="validateRealmException" time="0.001"/>
  <testcase classname="pro.javatar.security.oidc.services.OidcAuthenticationHelperTest" name="isTokenExpiredOrShouldBeRefreshed" time="0"/>
  <testcase classname="pro.javatar.security.oidc.services.OidcAuthenticationHelperTest" name="removeCodeFromUrl" time="0"/>
  <testcase classname="pro.javatar.security.oidc.services.OidcAuthenticationHelperTest" name="getBearerTokenFromRequest" time="0.001"/>
  <testcase classname="pro.javatar.security.oidc.services.OidcAuthenticationHelperTest" name="removeCodeFromRequest" time="0.001"/>
  <testcase classname="pro.javatar.security.oidc.services.OidcAuthenticationHelperTest" name="getRefreshTokenFromResponse" time="0.001"/>
</testsuite>