<?xml version="1.0" encoding="UTF-8" standalone="yes"?><!DOCTYPE report PUBLIC "-//JACOCO//DTD Report 1.0//EN" "report.dtd"><report name="jwt-lib"><sessioninfo id="jenkins-slave-9a3e4eab" start="1549322511342" dump="1549322514838"/><sessioninfo id="jenkins-slave-cecd83ba" start="1549322538954" dump="1549322542493"/><package name="pro/javatar/security/jwt/utils"><class name="pro/javatar/security/jwt/utils/Base64Url"><method name="&lt;init&gt;" desc="()V" line="27"><counter type="INSTRUCTION" missed="3" covered="0"/><counter type="LINE" missed="1" covered="0"/><counter type="COMPLEXITY" missed="1" covered="0"/><counter type="METHOD" missed="1" covered="0"/></method><method name="encode" desc="([B)Ljava/lang/String;" line="29"><counter type="INSTRUCTION" missed="0" covered="21"/><counter type="LINE" missed="0" covered="5"/><counter type="COMPLEXITY" missed="0" covered="1"/><counter type="METHOD" missed="0" covered="1"/></method><method name="decode" desc="(Ljava/lang/String;)[B" line="37"><counter type="INSTRUCTION" missed="13" covered="38"/><counter type="BRANCH" missed="1" covered="3"/><counter type="LINE" missed="3" covered="9"/><counter type="COMPLEXITY" missed="1" covered="3"/><counter type="METHOD" missed="0" covered="1"/></method><counter type="INSTRUCTION" missed="16" covered="59"/><counter type="BRANCH" missed="1" covered="3"/><counter type="LINE" missed="4" covered="14"/><counter type="COMPLEXITY" missed="2" covered="4"/><counter type="METHOD" missed="1" covered="2"/><counter type="CLASS" missed="0" covered="1"/></class><class name="pro/javatar/security/jwt/utils/Base64$OutputStream"><method name="&lt;init&gt;" desc="(Ljava/io/OutputStream;)V" line="1897"><counter type="INSTRUCTION" missed="5" covered="0"/><counter type="LINE" missed="2" covered="0"/><counter type="COMPLEXITY" missed="1" covered="0"/><counter type="METHOD" missed="1" covered="0"/></method><method name="&lt;init&gt;" desc="(Ljava/io/OutputStream;I)V" line="1921"><counter type="INSTRUCTION" missed="55" covered="0"/><counter type="BRANCH" missed="6" covered="0"/><counter type="LINE" missed="12" covered="0"/><counter type="COMPLEXITY" missed="4" covered="0"/><counter type="METHOD" missed="1" covered="0"/></method><method name="write" desc="(I)V" line="1951"><counter type="INSTRUCTION" missed="124" covered="0"/><counter type="BRANCH" missed="16" covered="0"/><counter type="LINE" missed="22" covered="0"/><counter type="COMPLEXITY" missed="9" covered="0"/><counter type="METHOD" missed="1" covered="0"/></method><method name="write" desc="([BII)V" line="2006"><counter type="INSTRUCTION" missed="25" covered="0"/><counter type="BRANCH" missed="4" covered="0"/><counter type="LINE" missed="6" covered="0"/><counter type="COMPLEXITY" missed="3" covered="0"/><counter type="METHOD" missed="1" covered="0"/></method><method name="flushBase64" desc="()V" line="2025"><counter type="INSTRUCTION" missed="28" covered="0"/><counter type="BRANCH" missed="4" covered="0"/><counter type="LINE" missed="6" covered="0"/><counter type="COMPLEXITY" missed="3" covered="0"/><counter type="METHOD" missed="1" covered="0"/></method><method name="close" desc="()V" line="2046"><counter type="INSTRUCTION" missed="11" covered="0"/><counter type="LINE" missed="5" covered="0"/><counter type="COMPLEXITY" missed="1" covered="0"/><counter type="METHOD" missed="1" covered="0"/></method><method name="suspendEncoding" desc="()V" line="2067"><counter type="INSTRUCTION" missed="6" covered="0"/><counter type="LINE" missed="3" covered="0"/><counter type="COMPLEXITY" missed="1" covered="0"/><counter type="METHOD" missed="1" covered="0"/></method><method name="resumeEncoding" desc="()V" line="2080"><counter type="INSTRUCTION" missed="4" covered="0"/><counter type="LINE" missed="2" covered="0"/><counter type="COMPLEXITY" missed="1" covered="0"/><counter type="METHOD" missed="1" covered="0"/></method><counter type="INSTRUCTION" missed="258" covered="0"/><counter type="BRANCH" missed="30" covered="0"/><counter type="LINE" missed="58" covered="0"/><counter type="COMPLEXITY" missed="23" covered="0"/><counter type="METHOD" missed="8" covered="0"/><counter type="CLASS" missed="1" covered="0"/></class><class name="pro/javatar/security/jwt/utils/SystemPropertiesJsonParserFactory$SystemPropertiesAwareJsonParser"><method name="&lt;init&gt;" desc="(Lcom/fasterxml/jackson/core/JsonParser;)V" line="66"><counter type="INSTRUCTION" missed="4" covered="0"/><counter type="LINE" missed="2" covered="0"/><counter type="COMPLEXITY" missed="1" covered="0"/><counter type="METHOD" missed="1" covered="0"/></method><method name="getText" desc="()Ljava/lang/String;" line="71"><counter type="INSTRUCTION" missed="7" covered="0"/><counter type="LINE" missed="2" covered="0"/><counter type="COMPLEXITY" missed="1" covered="0"/><counter type="METHOD" missed="1" covered="0"/></method><counter type="INSTRUCTION" missed="11" covered="0"/><counter type="LINE" missed="4" covered="0"/><counter type="COMPLEXITY" missed="2" covered="0"/><counter type="METHOD" missed="2" covered="0"/><counter type="CLASS" missed="1" covered="0"/></class><class name="pro/javatar/security/jwt/utils/SystemPropertiesJsonParserFactory"><method name="&lt;init&gt;" desc="()V" line="35"><counter type="INSTRUCTION" missed="0" covered="3"/><counter type="LINE" missed="0" covered="1"/><counter type="COMPLEXITY" missed="0" covered="1"/><counter type="METHOD" missed="0" covered="1"/></method><method name="_createParser" desc="(Ljava/io/InputStream;Lcom/fasterxml/jackson/core/io/IOContext;)Lcom/fasterxml/jackson/core/JsonParser;" line="41"><counter type="INSTRUCTION" missed="10" covered="0"/><counter type="LINE" missed="2" covered="0"/><counter type="COMPLEXITY" missed="1" covered="0"/><counter type="METHOD" missed="1" covered="0"/></method><method name="_createParser" desc="(Ljava/io/Reader;Lcom/fasterxml/jackson/core/io/IOContext;)Lcom/fasterxml/jackson/core/JsonParser;" line="47"><counter type="INSTRUCTION" missed="10" covered="0"/><counter type="LINE" missed="2" covered="0"/><counter type="COMPLEXITY" missed="1" covered="0"/><counter type="METHOD" missed="1" covered="0"/></method><method name="_createParser" desc="([CIILcom/fasterxml/jackson/core/io/IOContext;Z)Lcom/fasterxml/jackson/core/JsonParser;" line="53"><counter type="INSTRUCTION" missed="13" covered="0"/><counter type="LINE" missed="2" covered="0"/><counter type="COMPLEXITY" missed="1" covered="0"/><counter type="METHOD" missed="1" covered="0"/></method><method name="_createParser" desc="([BIILcom/fasterxml/jackson/core/io/IOContext;)Lcom/fasterxml/jackson/core/JsonParser;" line="59"><counter type="INSTRUCTION" missed="12" covered="0"/><counter type="LINE" missed="2" covered="0"/><counter type="COMPLEXITY" missed="1" covered="0"/><counter type="METHOD" missed="1" covered="0"/></method><method name="&lt;clinit&gt;" desc="()V" line="37"><counter type="INSTRUCTION" missed="0" covered="5"/><counter type="LINE" missed="0" covered="1"/><counter type="COMPLEXITY" missed="0" covered="1"/><counter type="METHOD" missed="0" covered="1"/></method><counter type="INSTRUCTION" missed="45" covered="8"/><counter type="LINE" missed="8" covered="2"/><counter type="COMPLEXITY" missed="4" covered="2"/><counter type="METHOD" missed="4" covered="2"/><counter type="CLASS" missed="0" covered="1"/></class><class name="pro/javatar/security/jwt/utils/SystemEnvProperties"><method name="&lt;init&gt;" desc="()V" line="25"><counter type="INSTRUCTION" missed="0" covered="3"/><counter type="LINE" missed="0" covered="1"/><counter type="COMPLEXITY" missed="0" covered="1"/><counter type="METHOD" missed="0" covered="1"/></method><method name="getProperty" desc="(Ljava/lang/String;)Ljava/lang/String;" line="29"><counter type="INSTRUCTION" missed="14" covered="0"/><counter type="BRANCH" missed="2" covered="0"/><counter type="LINE" missed="3" covered="0"/><counter type="COMPLEXITY" missed="2" covered="0"/><counter type="METHOD" missed="1" covered="0"/></method><method name="getProperty" desc="(Ljava/lang/String;Ljava/lang/String;)Ljava/lang/String;" line="38"><counter type="INSTRUCTION" missed="10" covered="0"/><counter type="BRANCH" missed="2" covered="0"/><counter type="LINE" missed="2" covered="0"/><counter type="COMPLEXITY" missed="2" covered="0"/><counter type="METHOD" missed="1" covered="0"/></method><counter type="INSTRUCTION" missed="24" covered="3"/><counter type="BRANCH" missed="4" covered="0"/><counter type="LINE" missed="5" covered="1"/><counter type="COMPLEXITY" missed="4" covered="1"/><counter type="METHOD" missed="2" covered="1"/><counter type="CLASS" missed="0" covered="1"/></class><class name="pro/javatar/security/jwt/utils/DerUtils"><method name="&lt;init&gt;" desc="()V" line="29"><counter type="INSTRUCTION" missed="3" covered="0"/><counter type="LINE" missed="2" covered="0"/><counter type="COMPLEXITY" missed="1" covered="0"/><counter type="METHOD" missed="1" covered="0"/></method><method name="decodePublicKey" desc="([B)Ljava/security/PublicKey;" line="33"><counter type="INSTRUCTION" missed="0" covered="13"/><counter type="LINE" missed="0" covered="3"/><counter type="COMPLEXITY" missed="0" covered="1"/><counter type="METHOD" missed="0" covered="1"/></method><method name="decodeCertificate" desc="(Ljava/io/InputStream;)Ljava/security/cert/X509Certificate;" line="39"><counter type="INSTRUCTION" missed="13" covered="0"/><counter type="LINE" missed="4" covered="0"/><counter type="COMPLEXITY" missed="1" covered="0"/><counter type="METHOD" missed="1" covered="0"/></method><method name="decodePrivateKey" desc="([B)Ljava/security/PrivateKey;" line="46"><counter type="INSTRUCTION" missed="13" covered="0"/><counter type="LINE" missed="3" covered="0"/><counter type="COMPLEXITY" missed="1" covered="0"/><counter type="METHOD" missed="1" covered="0"/></method><method name="&lt;clinit&gt;" desc="()V" line="26"><counter type="INSTRUCTION" missed="0" covered="2"/><counter type="LINE" missed="0" covered="2"/><counter type="COMPLEXITY" missed="0" covered="1"/><counter type="METHOD" missed="0" covered="1"/></method><counter type="INSTRUCTION" missed="29" covered="15"/><counter type="LINE" missed="9" covered="5"/><counter type="COMPLEXITY" missed="3" covered="2"/><counter type="METHOD" missed="3" covered="2"/><counter type="CLASS" missed="0" covered="1"/></class><class name="pro/javatar/security/jwt/utils/JsonSerialization"><method name="&lt;init&gt;" desc="()V" line="18"><counter type="INSTRUCTION" missed="3" covered="0"/><counter type="LINE" missed="1" covered="0"/><counter type="COMPLEXITY" missed="1" covered="0"/><counter type="METHOD" missed="1" covered="0"/></method><method name="writeValueToStream" desc="(Ljava/io/OutputStream;Ljava/lang/Object;)V" line="31"><counter type="INSTRUCTION" missed="5" covered="0"/><counter type="LINE" missed="2" covered="0"/><counter type="COMPLEXITY" missed="1" covered="0"/><counter type="METHOD" missed="1" covered="0"/></method><method name="writeValuePrettyToStream" desc="(Ljava/io/OutputStream;Ljava/lang/Object;)V" line="35"><counter type="INSTRUCTION" missed="5" covered="0"/><counter type="LINE" missed="2" covered="0"/><counter type="COMPLEXITY" missed="1" covered="0"/><counter type="METHOD" missed="1" covered="0"/></method><method name="writeValueAsPrettyString" desc="(Ljava/lang/Object;)Ljava/lang/String;" line="39"><counter type="INSTRUCTION" missed="4" covered="0"/><counter type="LINE" missed="1" covered="0"/><counter type="COMPLEXITY" missed="1" covered="0"/><counter type="METHOD" missed="1" covered="0"/></method><method name="writeValueAsString" desc="(Ljava/lang/Object;)Ljava/lang/String;" line="43"><counter type="INSTRUCTION" missed="4" covered="0"/><counter type="LINE" missed="1" covered="0"/><counter type="COMPLEXITY" missed="1" covered="0"/><counter type="METHOD" missed="1" covered="0"/></method><method name="writeValueAsBytes" desc="(Ljava/lang/Object;)[B" line="47"><counter type="INSTRUCTION" missed="0" covered="4"/><counter type="LINE" missed="0" covered="1"/><counter type="COMPLEXITY" missed="0" covered="1"/><counter type="METHOD" missed="0" covered="1"/></method><method name="readValue" desc="([BLjava/lang/Class;)Ljava/lang/Object;" line="51"><counter type="INSTRUCTION" missed="0" covered="5"/><counter type="LINE" missed="0" covered="1"/><counter type="COMPLEXITY" missed="0" covered="1"/><counter type="METHOD" missed="0" covered="1"/></method><method name="readValue" desc="(Ljava/lang/String;Ljava/lang/Class;)Ljava/lang/Object;" line="55"><counter type="INSTRUCTION" missed="5" covered="0"/><counter type="LINE" missed="1" covered="0"/><counter type="COMPLEXITY" missed="1" covered="0"/><counter type="METHOD" missed="1" covered="0"/></method><method name="readValue" desc="(Ljava/io/InputStream;Ljava/lang/Class;)Ljava/lang/Object;" line="59"><counter type="INSTRUCTION" missed="5" covered="0"/><counter type="LINE" missed="1" covered="0"/><counter type="COMPLEXITY" missed="1" covered="0"/><counter type="METHOD" missed="1" covered="0"/></method><method name="readValue" desc="(Ljava/lang/String;Lcom/fasterxml/jackson/core/type/TypeReference;)Ljava/lang/Object;" line="63"><counter type="INSTRUCTION" missed="5" covered="0"/><counter type="LINE" missed="1" covered="0"/><counter type="COMPLEXITY" missed="1" covered="0"/><counter type="METHOD" missed="1" covered="0"/></method><method name="readValue" desc="(Ljava/io/InputStream;Lcom/fasterxml/jackson/core/type/TypeReference;)Ljava/lang/Object;" line="67"><counter type="INSTRUCTION" missed="5" covered="0"/><counter type="LINE" missed="1" covered="0"/><counter type="COMPLEXITY" missed="1" covered="0"/><counter type="METHOD" missed="1" covered="0"/></method><method name="readValue" desc="(Ljava/io/InputStream;Ljava/lang/Class;Z)Ljava/lang/Object;" line="71"><counter type="INSTRUCTION" missed="12" covered="0"/><counter type="BRANCH" missed="2" covered="0"/><counter type="LINE" missed="3" covered="0"/><counter type="COMPLEXITY" missed="2" covered="0"/><counter type="METHOD" missed="1" covered="0"/></method><method name="&lt;clinit&gt;" desc="()V" line="19"><counter type="INSTRUCTION" missed="0" covered="28"/><counter type="LINE" missed="0" covered="7"/><counter type="COMPLEXITY" missed="0" covered="1"/><counter type="METHOD" missed="0" covered="1"/></method><counter type="INSTRUCTION" missed="53" covered="37"/><counter type="BRANCH" missed="2" covered="0"/><counter type="LINE" missed="14" covered="9"/><counter type="COMPLEXITY" missed="11" covered="3"/><counter type="METHOD" missed="10" covered="3"/><counter type="CLASS" missed="0" covered="1"/></class><class name="pro/javatar/security/jwt/utils/StringPropertyReplacer"><method name="&lt;init&gt;" desc="()V" line="32"><counter type="INSTRUCTION" missed="3" covered="0"/><counter type="LINE" missed="1" covered="0"/><counter type="COMPLEXITY" missed="1" covered="0"/><counter type="METHOD" missed="1" covered="0"/></method><method name="replaceProperties" desc="(Ljava/lang/String;)Ljava/lang/String;" line="75"><counter type="INSTRUCTION" missed="4" covered="0"/><counter type="LINE" missed="1" covered="0"/><counter type="COMPLEXITY" missed="1" covered="0"/><counter type="METHOD" missed="1" covered="0"/></method><method name="replaceProperties" desc="(Ljava/lang/String;Ljava/util/Properties;)Ljava/lang/String;" line="100"><counter type="INSTRUCTION" missed="199" covered="0"/><counter type="BRANCH" missed="40" covered="0"/><counter type="LINE" missed="53" covered="0"/><counter type="COMPLEXITY" missed="21" covered="0"/><counter type="METHOD" missed="1" covered="0"/></method><method name="resolveCompositeKey" desc="(Ljava/lang/String;Ljava/util/Properties;)Ljava/lang/String;" line="229"><counter type="INSTRUCTION" missed="52" covered="0"/><counter type="BRANCH" missed="12" covered="0"/><counter type="LINE" missed="14" covered="0"/><counter type="COMPLEXITY" missed="7" covered="0"/><counter type="METHOD" missed="1" covered="0"/></method><method name="&lt;clinit&gt;" desc="()V" line="35"><counter type="INSTRUCTION" missed="9" covered="0"/><counter type="LINE" missed="3" covered="0"/><counter type="COMPLEXITY" missed="1" covered="0"/><counter type="METHOD" missed="1" covered="0"/></method><counter type="INSTRUCTION" missed="267" covered="0"/><counter type="BRANCH" missed="52" covered="0"/><counter type="LINE" missed="72" covered="0"/><counter type="COMPLEXITY" missed="31" covered="0"/><counter type="METHOD" missed="5" covered="0"/><counter type="CLASS" missed="1" covered="0"/></class><class name="pro/javatar/security/jwt/utils/Base64$InputStream"><method name="&lt;init&gt;" desc="(Ljava/io/InputStream;)V" line="1684"><counter type="INSTRUCTION" missed="5" covered="0"/><counter type="LINE" missed="2" covered="0"/><counter type="COMPLEXITY" missed="1" covered="0"/><counter type="METHOD" missed="1" covered="0"/></method><method name="&lt;init&gt;" desc="(Ljava/io/InputStream;I)V" line="1710"><counter type="INSTRUCTION" missed="48" covered="0"/><counter type="BRANCH" missed="6" covered="0"/><counter type="LINE" missed="10" covered="0"/><counter type="COMPLEXITY" missed="4" covered="0"/><counter type="METHOD" missed="1" covered="0"/></method><method name="read" desc="()I" line="1732"><counter type="INSTRUCTION" missed="173" covered="0"/><counter type="BRANCH" missed="34" covered="0"/><counter type="LINE" missed="42" covered="0"/><counter type="COMPLEXITY" missed="18" covered="0"/><counter type="METHOD" missed="1" covered="0"/></method><method name="read" desc="([BII)I" line="1842"><counter type="INSTRUCTION" missed="26" covered="0"/><counter type="BRANCH" missed="6" covered="0"/><counter type="LINE" missed="7" covered="0"/><counter type="COMPLEXITY" missed="4" covered="0"/><counter type="METHOD" missed="1" covered="0"/></method><counter type="INSTRUCTION" missed="252" covered="0"/><counter type="BRANCH" missed="46" covered="0"/><counter type="LINE" missed="61" covered="0"/><counter type="COMPLEXITY" missed="27" covered="0"/><counter type="METHOD" missed="4" covered="0"/><counter type="CLASS" missed="1" covered="0"/></class><class name="pro/javatar/security/jwt/utils/Base64$1"><method name="&lt;init&gt;" desc="(Ljava/io/InputStream;Ljava/lang/ClassLoader;)V" line="1371"><counter type="INSTRUCTION" missed="7" covered="0"/><counter type="LINE" missed="1" covered="0"/><counter type="COMPLEXITY" missed="1" covered="0"/><counter type="METHOD" missed="1" covered="0"/></method><method name="resolveClass" desc="(Ljava/io/ObjectStreamClass;)Ljava/lang/Class;" line="1375"><counter type="INSTRUCTION" missed="15" covered="0"/><counter type="BRANCH" missed="2" covered="0"/><counter type="LINE" missed="4" covered="0"/><counter type="COMPLEXITY" missed="2" covered="0"/><counter type="METHOD" missed="1" covered="0"/></method><counter type="INSTRUCTION" missed="22" covered="0"/><counter type="BRANCH" missed="2" covered="0"/><counter type="LINE" missed="5" covered="0"/><counter type="COMPLEXITY" missed="3" covered="0"/><counter type="METHOD" missed="2" covered="0"/><counter type="CLASS" missed="1" covered="0"/></class><class name="pro/javatar/security/jwt/utils/BouncyIntegration"><method name="&lt;init&gt;" desc="()V" line="11"><counter type="INSTRUCTION" missed="3" covered="0"/><counter type="LINE" missed="1" covered="0"/><counter type="COMPLEXITY" missed="1" covered="0"/><counter type="METHOD" missed="1" covered="0"/></method><method name="init" desc="()V" line="18"><counter type="INSTRUCTION" missed="0" covered="1"/><counter type="LINE" missed="0" covered="1"/><counter type="COMPLEXITY" missed="0" covered="1"/><counter type="METHOD" missed="0" covered="1"/></method><method name="&lt;clinit&gt;" desc="()V" line="13"><counter type="INSTRUCTION" missed="0" covered="9"/><counter type="BRANCH" missed="1" covered="1"/><counter type="LINE" missed="0" covered="2"/><counter type="COMPLEXITY" missed="1" covered="1"/><counter type="METHOD" missed="0" covered="1"/></method><counter type="INSTRUCTION" missed="3" covered="10"/><counter type="BRANCH" missed="1" covered="1"/><counter type="LINE" missed="1" covered="3"/><counter type="COMPLEXITY" missed="2" covered="2"/><counter type="METHOD" missed="1" covered="2"/><counter type="CLASS" missed="0" covered="1"/></class><class name="pro/javatar/security/jwt/utils/Base64"><method name="getAlphabet" desc="(I)[B" line="421"><counter type="INSTRUCTION" missed="4" covered="12"/><counter type="BRANCH" missed="2" covered="2"/><counter type="LINE" missed="2" covered="3"/><counter type="COMPLEXITY" missed="2" covered="1"/><counter type="METHOD" missed="0" covered="1"/></method><method name="getDecodabet" desc="(I)[B" line="439"><counter type="INSTRUCTION" missed="4" covered="12"/><counter type="BRANCH" missed="2" covered="2"/><counter type="LINE" missed="2" covered="3"/><counter type="COMPLEXITY" missed="2" covered="1"/><counter type="METHOD" missed="0" covered="1"/></method><method name="&lt;init&gt;" desc="()V" line="451"><counter type="INSTRUCTION" missed="3" covered="0"/><counter type="LINE" missed="1" covered="0"/><counter type="COMPLEXITY" missed="1" covered="0"/><counter type="METHOD" missed="1" covered="0"/></method><method name="encode3to4" desc="([B[BII)[B" line="475"><counter type="INSTRUCTION" missed="10" covered="0"/><counter type="LINE" missed="2" covered="0"/><counter type="COMPLEXITY" missed="1" covered="0"/><counter type="METHOD" missed="1" covered="0"/></method><method name="encode3to4" desc="([BII[BII)[B" line="507"><counter type="INSTRUCTION" missed="3" covered="164"/><counter type="BRANCH" missed="2" covered="8"/><counter type="LINE" missed="1" covered="18"/><counter type="COMPLEXITY" missed="2" covered="5"/><counter type="METHOD" missed="0" covered="1"/></method><method name="encode" desc="(Ljava/nio/ByteBuffer;Ljava/nio/ByteBuffer;)V" line="555"><counter type="INSTRUCTION" missed="32" covered="0"/><counter type="BRANCH" missed="2" covered="0"/><counter type="LINE" missed="9" covered="0"/><counter type="COMPLEXITY" missed="2" covered="0"/><counter type="METHOD" missed="1" covered="0"/></method><method name="encode" desc="(Ljava/nio/ByteBuffer;Ljava/nio/CharBuffer;)V" line="579"><counter type="INSTRUCTION" missed="44" covered="0"/><counter type="BRANCH" missed="4" covered="0"/><counter type="LINE" missed="10" covered="0"/><counter type="COMPLEXITY" missed="3" covered="0"/><counter type="METHOD" missed="1" covered="0"/></method><method name="encodeObject" desc="(Ljava/io/Serializable;)Ljava/lang/String;" line="615"><counter type="INSTRUCTION" missed="4" covered="0"/><counter type="LINE" missed="1" covered="0"/><counter type="COMPLEXITY" missed="1" covered="0"/><counter type="METHOD" missed="1" covered="0"/></method><method name="encodeObject" desc="(Ljava/io/Serializable;I)Ljava/lang/String;" line="652"><counter type="INSTRUCTION" missed="108" covered="0"/><counter type="BRANCH" missed="20" covered="0"/><counter type="LINE" missed="24" covered="0"/><counter type="COMPLEXITY" missed="11" covered="0"/><counter type="METHOD" missed="1" covered="0"/></method><method name="encodeBytes" desc="([B)Ljava/lang/String;" line="716"><counter type="INSTRUCTION" missed="18" covered="16"/><counter type="BRANCH" missed="4" covered="2"/><counter type="LINE" missed="3" covered="5"/><counter type="COMPLEXITY" missed="3" covered="1"/><counter type="METHOD" missed="0" covered="1"/></method><method name="encodeBytes" desc="([BI)Ljava/lang/String;" line="759"><counter type="INSTRUCTION" missed="7" covered="0"/><counter type="LINE" missed="1" covered="0"/><counter type="COMPLEXITY" missed="1" covered="0"/><counter type="METHOD" missed="1" covered="0"/></method><method name="encodeBytes" desc="([BII)Ljava/lang/String;" line="785"><counter type="INSTRUCTION" missed="33" covered="0"/><counter type="BRANCH" missed="6" covered="0"/><counter type="LINE" missed="8" covered="0"/><counter type="COMPLEXITY" missed="4" covered="0"/><counter type="METHOD" missed="1" covered="0"/></method><method name="encodeBytes" desc="([BIII)Ljava/lang/String;" line="831"><counter type="INSTRUCTION" missed="11" covered="12"/><counter type="LINE" missed="3" covered="2"/><counter type="COMPLEXITY" missed="0" covered="1"/><counter type="METHOD" missed="0" covered="1"/></method><method name="encodeBytesToBytes" desc="([B)[B" line="859"><counter type="INSTRUCTION" missed="38" covered="0"/><counter type="LINE" missed="9" covered="0"/><counter type="COMPLEXITY" missed="1" covered="0"/><counter type="METHOD" missed="1" covered="0"/></method><method name="encodeBytesToBytes" desc="([BIII)[B" line="893"><counter type="INSTRUCTION" missed="148" covered="94"/><counter type="BRANCH" missed="23" covered="15"/><counter type="LINE" missed="27" covered="22"/><counter type="COMPLEXITY" missed="16" covered="4"/><counter type="METHOD" missed="0" covered="1"/></method><method name="decode4to3" desc="([BI[BII)I" line="1038"><counter type="INSTRUCTION" missed="48" covered="189"/><counter type="BRANCH" missed="6" covered="10"/><counter type="LINE" missed="6" covered="19"/><counter type="COMPLEXITY" missed="6" covered="3"/><counter type="METHOD" missed="0" covered="1"/></method><method name="decode" desc="([B)[B" line="1124"><counter type="INSTRUCTION" missed="11" covered="0"/><counter type="LINE" missed="3" covered="0"/><counter type="COMPLEXITY" missed="1" covered="0"/><counter type="METHOD" missed="1" covered="0"/></method><method name="decode" desc="([BIII)[B" line="1156"><counter type="INSTRUCTION" missed="66" covered="99"/><counter type="BRANCH" missed="7" covered="13"/><counter type="LINE" missed="7" covered="25"/><counter type="COMPLEXITY" missed="7" covered="4"/><counter type="METHOD" missed="0" covered="1"/></method><method name="decode" desc="(Ljava/lang/String;)[B" line="1228"><counter type="INSTRUCTION" missed="0" covered="4"/><counter type="LINE" missed="0" covered="1"/><counter type="COMPLEXITY" missed="0" covered="1"/><counter type="METHOD" missed="0" covered="1"/></method><method name="decode" desc="(Ljava/lang/String;I)[B" line="1246"><counter type="INSTRUCTION" missed="110" covered="49"/><counter type="BRANCH" missed="26" covered="8"/><counter type="LINE" missed="23" covered="10"/><counter type="COMPLEXITY" missed="15" covered="3"/><counter type="METHOD" missed="0" covered="1"/></method><method name="decodeToObject" desc="(Ljava/lang/String;)Ljava/lang/Object;" line="1329"><counter type="INSTRUCTION" missed="5" covered="0"/><counter type="LINE" missed="1" covered="0"/><counter type="COMPLEXITY" missed="1" covered="0"/><counter type="METHOD" missed="1" covered="0"/></method><method name="decodeToObject" desc="(Ljava/lang/String;ILjava/lang/ClassLoader;)Ljava/lang/Object;" line="1354"><counter type="INSTRUCTION" missed="60" covered="0"/><counter type="BRANCH" missed="10" covered="0"/><counter type="LINE" missed="17" covered="0"/><counter type="COMPLEXITY" missed="6" covered="0"/><counter type="METHOD" missed="1" covered="0"/></method><method name="encodeToFile" desc="([BLjava/lang/String;)V" line="1420"><counter type="INSTRUCTION" missed="49" covered="0"/><counter type="BRANCH" missed="10" covered="0"/><counter type="LINE" missed="13" covered="0"/><counter type="COMPLEXITY" missed="6" covered="0"/><counter type="METHOD" missed="1" covered="0"/></method><method name="decodeToFile" desc="(Ljava/lang/String;Ljava/lang/String;)V" line="1458"><counter type="INSTRUCTION" missed="44" covered="0"/><counter type="BRANCH" missed="8" covered="0"/><counter type="LINE" missed="11" covered="0"/><counter type="COMPLEXITY" missed="5" covered="0"/><counter type="METHOD" missed="1" covered="0"/></method><method name="decodeFromFile" desc="(Ljava/lang/String;)[B" line="1495"><counter type="INSTRUCTION" missed="103" covered="0"/><counter type="BRANCH" missed="12" covered="0"/><counter type="LINE" missed="22" covered="0"/><counter type="COMPLEXITY" missed="7" covered="0"/><counter type="METHOD" missed="1" covered="0"/></method><method name="encodeFromFile" desc="(Ljava/lang/String;)Ljava/lang/String;" line="1557"><counter type="INSTRUCTION" missed="87" covered="0"/><counter type="BRANCH" missed="10" covered="0"/><counter type="LINE" missed="18" covered="0"/><counter type="COMPLEXITY" missed="6" covered="0"/><counter type="METHOD" missed="1" covered="0"/></method><method name="encodeFileToFile" desc="(Ljava/lang/String;Ljava/lang/String;)V" line="1603"><counter type="INSTRUCTION" missed="46" covered="0"/><counter type="BRANCH" missed="8" covered="0"/><counter type="LINE" missed="12" covered="0"/><counter type="COMPLEXITY" missed="5" covered="0"/><counter type="METHOD" missed="1" covered="0"/></method><method name="decodeFileToFile" desc="(Ljava/lang/String;Ljava/lang/String;)V" line="1633"><counter type="INSTRUCTION" missed="44" covered="0"/><counter type="BRANCH" missed="8" covered="0"/><counter type="LINE" missed="12" covered="0"/><counter type="COMPLEXITY" missed="5" covered="0"/><counter type="METHOD" missed="1" covered="0"/></method><method name="&lt;clinit&gt;" desc="()V" line="158"><counter type="INSTRUCTION" missed="2" covered="3872"/><counter type="BRANCH" missed="1" covered="1"/><counter type="LINE" missed="0" covered="8"/><counter type="COMPLEXITY" missed="1" covered="1"/><counter type="METHOD" missed="0" covered="1"/></method><counter type="INSTRUCTION" missed="1142" covered="4523"/><counter type="BRANCH" missed="171" covered="61"/><counter type="LINE" missed="248" covered="116"/><counter type="COMPLEXITY" missed="121" covered="25"/><counter type="METHOD" missed="18" covered="11"/><counter type="CLASS" missed="0" covered="1"/></class><class name="pro/javatar/security/jwt/utils/PemUtils"><method name="&lt;init&gt;" desc="()V" line="28"><counter type="INSTRUCTION" missed="3" covered="0"/><counter type="LINE" missed="2" covered="0"/><counter type="COMPLEXITY" missed="1" covered="0"/><counter type="METHOD" missed="1" covered="0"/></method><method name="decodeCertificate" desc="(Ljava/lang/String;)Ljava/security/cert/X509Certificate;" line="35"><counter type="INSTRUCTION" missed="21" covered="0"/><counter type="BRANCH" missed="2" covered="0"/><counter type="LINE" missed="7" covered="0"/><counter type="COMPLEXITY" missed="2" covered="0"/><counter type="METHOD" missed="1" covered="0"/></method><method name="decodePublicKey" desc="(Ljava/lang/String;)Ljava/security/PublicKey;" line="52"><counter type="INSTRUCTION" missed="8" covered="8"/><counter type="BRANCH" missed="1" covered="1"/><counter type="LINE" missed="3" covered="3"/><counter type="COMPLEXITY" missed="1" covered="1"/><counter type="METHOD" missed="0" covered="1"/></method><method name="encodeKey" desc="(Ljava/security/Key;)Ljava/lang/String;" line="68"><counter type="INSTRUCTION" missed="3" covered="0"/><counter type="LINE" missed="1" covered="0"/><counter type="COMPLEXITY" missed="1" covered="0"/><counter type="METHOD" missed="1" covered="0"/></method><method name="encodeCertificate" desc="(Ljava/security/cert/Certificate;)Ljava/lang/String;" line="75"><counter type="INSTRUCTION" missed="3" covered="0"/><counter type="LINE" missed="1" covered="0"/><counter type="COMPLEXITY" missed="1" covered="0"/><counter type="METHOD" missed="1" covered="0"/></method><method name="encode" desc="(Ljava/lang/Object;)Ljava/lang/String;" line="79"><counter type="INSTRUCTION" missed="32" covered="0"/><counter type="BRANCH" missed="2" covered="0"/><counter type="LINE" missed="11" covered="0"/><counter type="COMPLEXITY" missed="2" covered="0"/><counter type="METHOD" missed="1" covered="0"/></method><method name="pemToDer" desc="(Ljava/lang/String;)[B" line="97"><counter type="INSTRUCTION" missed="0" covered="6"/><counter type="LINE" missed="0" covered="2"/><counter type="COMPLEXITY" missed="0" covered="1"/><counter type="METHOD" missed="0" covered="1"/></method><method name="removeKeyBeginEnd" desc="(Ljava/lang/String;)Ljava/lang/String;" line="102"><counter type="INSTRUCTION" missed="0" covered="17"/><counter type="LINE" missed="0" covered="5"/><counter type="COMPLEXITY" missed="0" covered="1"/><counter type="METHOD" missed="0" covered="1"/></method><method name="&lt;clinit&gt;" desc="()V" line="25"><counter type="INSTRUCTION" missed="0" covered="2"/><counter type="LINE" missed="0" covered="2"/><counter type="COMPLEXITY" missed="0" covered="1"/><counter type="METHOD" missed="0" covered="1"/></method><counter type="INSTRUCTION" missed="70" covered="33"/><counter type="BRANCH" missed="5" covered="1"/><counter type="LINE" missed="25" covered="12"/><counter type="COMPLEXITY" missed="8" covered="4"/><counter type="METHOD" missed="5" covered="4"/><counter type="CLASS" missed="0" covered="1"/></class><class name="pro/javatar/security/jwt/utils/Time"><method name="&lt;init&gt;" desc="()V" line="25"><counter type="INSTRUCTION" missed="3" covered="0"/><counter type="LINE" missed="1" covered="0"/><counter type="COMPLEXITY" missed="1" covered="0"/><counter type="METHOD" missed="1" covered="0"/></method><method name="currentTime" desc="()I" line="33"><counter type="INSTRUCTION" missed="0" covered="7"/><counter type="LINE" missed="0" covered="1"/><counter type="COMPLEXITY" missed="0" covered="1"/><counter type="METHOD" missed="0" covered="1"/></method><method name="currentTimeMillis" desc="()J" line="40"><counter type="INSTRUCTION" missed="7" covered="0"/><counter type="LINE" missed="1" covered="0"/><counter type="COMPLEXITY" missed="1" covered="0"/><counter type="METHOD" missed="1" covered="0"/></method><method name="toDate" desc="(I)Ljava/util/Date;" line="49"><counter type="INSTRUCTION" missed="8" covered="0"/><counter type="LINE" missed="1" covered="0"/><counter type="COMPLEXITY" missed="1" covered="0"/><counter type="METHOD" missed="1" covered="0"/></method><method name="toMillis" desc="(I)J" line="58"><counter type="INSTRUCTION" missed="5" covered="0"/><counter type="LINE" missed="1" covered="0"/><counter type="COMPLEXITY" missed="1" covered="0"/><counter type="METHOD" missed="1" covered="0"/></method><method name="getOffset" desc="()I" line="65"><counter type="INSTRUCTION" missed="2" covered="0"/><counter type="LINE" missed="1" covered="0"/><counter type="COMPLEXITY" missed="1" covered="0"/><counter type="METHOD" missed="1" covered="0"/></method><method name="setOffset" desc="(I)V" line="73"><counter type="INSTRUCTION" missed="3" covered="0"/><counter type="LINE" missed="2" covered="0"/><counter type="COMPLEXITY" missed="1" covered="0"/><counter type="METHOD" missed="1" covered="0"/></method><counter type="INSTRUCTION" missed="28" covered="7"/><counter type="LINE" missed="7" covered="1"/><counter type="COMPLEXITY" missed="6" covered="1"/><counter type="METHOD" missed="6" covered="1"/><counter type="CLASS" missed="0" covered="1"/></class><class name="pro/javatar/security/jwt/utils/TokenUtil"><method name="&lt;init&gt;" desc="()V" line="30"><counter type="INSTRUCTION" missed="3" covered="0"/><counter type="LINE" missed="1" covered="0"/><counter type="COMPLEXITY" missed="1" covered="0"/><counter type="METHOD" missed="1" covered="0"/></method><method name="attachOIDCScope" desc="(Ljava/lang/String;)Ljava/lang/String;" line="42"><counter type="INSTRUCTION" missed="16" covered="0"/><counter type="BRANCH" missed="4" covered="0"/><counter type="LINE" missed="3" covered="0"/><counter type="COMPLEXITY" missed="3" covered="0"/><counter type="METHOD" missed="1" covered="0"/></method><method name="isOIDCRequest" desc="(Ljava/lang/String;)Z" line="50"><counter type="INSTRUCTION" missed="4" covered="0"/><counter type="LINE" missed="1" covered="0"/><counter type="COMPLEXITY" missed="1" covered="0"/><counter type="METHOD" missed="1" covered="0"/></method><method name="isOfflineTokenRequested" desc="(Ljava/lang/String;)Z" line="54"><counter type="INSTRUCTION" missed="4" covered="0"/><counter type="LINE" missed="1" covered="0"/><counter type="COMPLEXITY" missed="1" covered="0"/><counter type="METHOD" missed="1" covered="0"/></method><method name="hasScope" desc="(Ljava/lang/String;Ljava/lang/String;)Z" line="58"><counter type="INSTRUCTION" missed="34" covered="0"/><counter type="BRANCH" missed="8" covered="0"/><counter type="LINE" missed="7" covered="0"/><counter type="COMPLEXITY" missed="5" covered="0"/><counter type="METHOD" missed="1" covered="0"/></method><method name="getRefreshToken" desc="([B)Lpro/javatar/security/jwt/bean/representation/RefreshToken;" line="76"><counter type="INSTRUCTION" missed="11" covered="0"/><counter type="LINE" missed="3" covered="0"/><counter type="COMPLEXITY" missed="1" covered="0"/><counter type="METHOD" missed="1" covered="0"/></method><method name="getRefreshToken" desc="(Ljava/lang/String;)Lpro/javatar/security/jwt/bean/representation/RefreshToken;" line="83"><counter type="INSTRUCTION" missed="9" covered="0"/><counter type="LINE" missed="2" covered="0"/><counter type="COMPLEXITY" missed="1" covered="0"/><counter type="METHOD" missed="1" covered="0"/></method><method name="isOfflineToken" desc="(Ljava/lang/String;)Z" line="91"><counter type="INSTRUCTION" missed="8" covered="0"/><counter type="LINE" missed="2" covered="0"/><counter type="COMPLEXITY" missed="1" covered="0"/><counter type="METHOD" missed="1" covered="0"/></method><counter type="INSTRUCTION" missed="89" covered="0"/><counter type="BRANCH" missed="12" covered="0"/><counter type="LINE" missed="20" covered="0"/><counter type="COMPLEXITY" missed="14" covered="0"/><counter type="METHOD" missed="8" covered="0"/><counter type="CLASS" missed="1" covered="0"/></class><sourcefile name="SystemPropertiesJsonParserFactory.java"><line nr="35" mi="0" ci="3" mb="0" cb="0"/><line nr="37" mi="0" ci="5" mb="0" cb="0"/><line nr="41" mi="5" ci="0" mb="0" cb="0"/><line nr="42" mi="5" ci="0" mb="0" cb="0"/><line nr="47" mi="5" ci="0" mb="0" cb="0"/><line nr="48" mi="5" ci="0" mb="0" cb="0"/><line nr="53" mi="8" ci="0" mb="0" cb="0"/><line nr="54" mi="5" ci="0" mb="0" cb="0"/><line nr="59" mi="7" ci="0" mb="0" cb="0"/><line nr="60" mi="5" ci="0" mb="0" cb="0"/><line nr="66" mi="3" ci="0" mb="0" cb="0"/><line nr="67" mi="1" ci="0" mb="0" cb="0"/><line nr="71" mi="3" ci="0" mb="0" cb="0"/><line nr="72" mi="4" ci="0" mb="0" cb="0"/><counter type="INSTRUCTION" missed="56" covered="8"/><counter type="LINE" missed="12" covered="2"/><counter type="COMPLEXITY" missed="6" covered="2"/><counter type="METHOD" missed="6" covered="2"/><counter type="CLASS" missed="1" covered="1"/></sourcefile><sourcefile name="DerUtils.java"><line nr="26" mi="0" ci="1" mb="0" cb="0"/><line nr="27" mi="0" ci="1" mb="0" cb="0"/><line nr="29" mi="2" ci="0" mb="0" cb="0"/><line nr="30" mi="1" ci="0" mb="0" cb="0"/><line nr="33" mi="0" ci="5" mb="0" cb="0"/><line nr="34" mi="0" ci="4" mb="0" cb="0"/><line nr="35" mi="0" ci="4" mb="0" cb="0"/><line nr="39" mi="4" ci="0" mb="0" cb="0"/><line nr="40" mi="5" ci="0" mb="0" cb="0"/><line nr="41" mi="2" ci="0" mb="0" cb="0"/><line nr="42" mi="2" ci="0" mb="0" cb="0"/><line nr="46" mi="5" ci="0" mb="0" cb="0"/><line nr="47" mi="4" ci="0" mb="0" cb="0"/><line nr="48" mi="4" ci="0" mb="0" cb="0"/><counter type="INSTRUCTION" missed="29" covered="15"/><counter type="LINE" missed="9" covered="5"/><counter type="COMPLEXITY" missed="3" covered="2"/><counter type="METHOD" missed="3" covered="2"/><counter type="CLASS" missed="0" covered="1"/></sourcefile><sourcefile name="SystemEnvProperties.java"><line nr="25" mi="0" ci="3" mb="0" cb="0"/><line nr="29" mi="4" ci="0" mb="2" cb="0"/><line nr="30" mi="7" ci="0" mb="0" cb="0"/><line nr="32" mi="3" ci="0" mb="0" cb="0"/><line nr="38" mi="4" ci="0" mb="0" cb="0"/><line nr="39" mi="6" ci="0" mb="2" cb="0"/><counter type="INSTRUCTION" missed="24" covered="3"/><counter type="BRANCH" missed="4" covered="0"/><counter type="LINE" missed="5" covered="1"/><counter type="COMPLEXITY" missed="4" covered="1"/><counter type="METHOD" missed="2" covered="1"/><counter type="CLASS" missed="0" covered="1"/></sourcefile><sourcefile name="BouncyIntegration.java"><line nr="11" mi="3" ci="0" mb="0" cb="0"/><line nr="13" mi="0" ci="8" mb="1" cb="1"/><line nr="14" mi="0" ci="1" mb="0" cb="0"/><line nr="18" mi="0" ci="1" mb="0" cb="0"/><counter type="INSTRUCTION" missed="3" covered="10"/><counter type="BRANCH" missed="1" covered="1"/><counter type="LINE" missed="1" covered="3"/><counter type="COMPLEXITY" missed="2" covered="2"/><counter type="METHOD" missed="1" covered="2"/><counter type="CLASS" missed="0" covered="1"/></sourcefile><sourcefile name="Base64.java"><line nr="158" mi="2" ci="5" mb="1" cb="1"/><line nr="160" mi="0" ci="4" mb="0" cb="0"/><line nr="230" mi="0" ci="259" mb="0" cb="0"/><line nr="248" mi="0" ci="1027" mb="0" cb="0"/><line nr="290" mi="0" ci="259" mb="0" cb="0"/><line nr="306" mi="0" ci="1027" mb="0" cb="0"/><line nr="353" mi="0" ci="259" mb="0" cb="0"/><line nr="371" mi="0" ci="1032" mb="0" cb="0"/><line nr="421" mi="0" ci="5" mb="1" cb="1"/><line nr="422" mi="2" ci="0" mb="0" cb="0"/><line nr="423" mi="0" ci="5" mb="1" cb="1"/><line nr="424" mi="2" ci="0" mb="0" cb="0"/><line nr="426" mi="0" ci="2" mb="0" cb="0"/><line nr="439" mi="0" ci="5" mb="1" cb="1"/><line nr="440" mi="2" ci="0" mb="0" cb="0"/><line nr="441" mi="0" ci="5" mb="1" cb="1"/><line nr="442" mi="2" ci="0" mb="0" cb="0"/><line nr="444" mi="0" ci="2" mb="0" cb="0"/><line nr="451" mi="3" ci="0" mb="0" cb="0"/><line nr="475" mi="8" ci="0" mb="0" cb="0"/><line nr="476" mi="2" ci="0" mb="0" cb="0"/><line nr="507" mi="0" ci="3" mb="0" cb="0"/><line nr="509" mi="1" ci="41" mb="1" cb="5"/><line nr="513" mi="0" ci="2" mb="1" cb="3"/><line nr="516" mi="0" ci="8" mb="0" cb="0"/><line nr="517" mi="0" ci="12" mb="0" cb="0"/><line nr="518" mi="0" ci="12" mb="0" cb="0"/><line nr="519" mi="0" ci="10" mb="0" cb="0"/><line nr="520" mi="0" ci="2" mb="0" cb="0"/><line nr="523" mi="0" ci="8" mb="0" cb="0"/><line nr="524" mi="0" ci="12" mb="0" cb="0"/><line nr="525" mi="0" ci="12" mb="0" cb="0"/><line nr="526" mi="0" ci="6" mb="0" cb="0"/><line nr="527" mi="0" ci="2" mb="0" cb="0"/><line nr="530" mi="0" ci="8" mb="0" cb="0"/><line nr="531" mi="0" ci="12" mb="0" cb="0"/><line nr="532" mi="0" ci="6" mb="0" cb="0"/><line nr="533" mi="0" ci="6" mb="0" cb="0"/><line nr="534" mi="0" ci="2" mb="0" cb="0"/><line nr="537" mi="2" ci="0" mb="0" cb="0"/><line nr="555" mi="3" ci="0" mb="0" cb="0"/><line nr="556" mi="3" ci="0" mb="0" cb="0"/><line nr="558" mi="3" ci="0" mb="2" cb="0"/><line nr="559" mi="5" ci="0" mb="0" cb="0"/><line nr="560" mi="6" ci="0" mb="0" cb="0"/><line nr="561" mi="6" ci="0" mb="0" cb="0"/><line nr="562" mi="4" ci="0" mb="0" cb="0"/><line nr="563" mi="1" ci="0" mb="0" cb="0"/><line nr="564" mi="1" ci="0" mb="0" cb="0"/><line nr="579" mi="3" ci="0" mb="0" cb="0"/><line nr="580" mi="3" ci="0" mb="0" cb="0"/><line nr="582" mi="3" ci="0" mb="2" cb="0"/><line nr="583" mi="5" ci="0" mb="0" cb="0"/><line nr="584" mi="6" ci="0" mb="0" cb="0"/><line nr="585" mi="6" ci="0" mb="0" cb="0"/><line nr="586" mi="7" ci="0" mb="2" cb="0"/><line nr="587" mi="9" ci="0" mb="0" cb="0"/><line nr="589" mi="1" ci="0" mb="0" cb="0"/><line nr="590" mi="1" ci="0" mb="0" cb="0"/><line nr="615" mi="4" ci="0" mb="0" cb="0"/><line nr="652" mi="2" ci="0" mb="2" cb="0"/><line nr="653" mi="5" ci="0" mb="0" cb="0"/><line nr="657" mi="2" ci="0" mb="0" cb="0"/><line nr="658" mi="2" ci="0" mb="0" cb="0"/><line nr="659" mi="2" ci="0" mb="0" cb="0"/><line nr="660" mi="2" ci="0" mb="0" cb="0"/><line nr="665" mi="4" ci="0" mb="0" cb="0"/><line nr="666" mi="8" ci="0" mb="0" cb="0"/><line nr="667" mi="4" ci="0" mb="2" cb="0"/><line nr="669" mi="5" ci="0" mb="0" cb="0"/><line nr="670" mi="6" ci="0" mb="0" cb="0"/><line nr="673" mi="5" ci="0" mb="0" cb="0"/><line nr="675" mi="3" ci="0" mb="0" cb="0"/><line nr="677" mi="1" ci="0" mb="0" cb="0"/><line nr="680" mi="2" ci="0" mb="0" cb="0"/><line nr="683" mi="9" ci="0" mb="4" cb="0"/><line nr="684" mi="8" ci="0" mb="4" cb="0"/><line nr="685" mi="8" ci="0" mb="4" cb="0"/><line nr="686" mi="9" ci="0" mb="4" cb="0"/><line nr="687" mi="2" ci="0" mb="0" cb="0"/><line nr="691" mi="7" ci="0" mb="0" cb="0"/><line nr="693" mi="1" ci="0" mb="0" cb="0"/><line nr="694" mi="5" ci="0" mb="0" cb="0"/><line nr="696" mi="6" ci="0" mb="0" cb="0"/><line nr="716" mi="0" ci="2" mb="0" cb="0"/><line nr="718" mi="0" ci="7" mb="0" cb="0"/><line nr="719" mi="1" ci="0" mb="0" cb="0"/><line nr="720" mi="5" ci="0" mb="0" cb="0"/><line nr="721" mi="8" ci="0" mb="2" cb="0"/><line nr="722" mi="0" ci="1" mb="0" cb="0"/><line nr="723" mi="4" ci="4" mb="2" cb="2"/><line nr="724" mi="0" ci="2" mb="0" cb="0"/><line nr="759" mi="7" ci="0" mb="0" cb="0"/><line nr="785" mi="2" ci="0" mb="0" cb="0"/><line nr="787" mi="6" ci="0" mb="0" cb="0"/><line nr="788" mi="1" ci="0" mb="0" cb="0"/><line nr="789" mi="5" ci="0" mb="0" cb="0"/><line nr="790" mi="8" ci="0" mb="2" cb="0"/><line nr="791" mi="1" ci="0" mb="0" cb="0"/><line nr="792" mi="8" ci="0" mb="4" cb="0"/><line nr="793" mi="2" ci="0" mb="0" cb="0"/><line nr="831" mi="0" ci="6" mb="0" cb="0"/><line nr="835" mi="0" ci="6" mb="0" cb="0"/><line nr="837" mi="1" ci="0" mb="0" cb="0"/><line nr="838" mi="5" ci="0" mb="0" cb="0"/><line nr="839" mi="5" ci="0" mb="0" cb="0"/><line nr="859" mi="2" ci="0" mb="0" cb="0"/><line nr="861" mi="7" ci="0" mb="0" cb="0"/><line nr="862" mi="1" ci="0" mb="0" cb="0"/><line nr="863" mi="8" ci="0" mb="0" cb="0"/><line nr="864" mi="4" ci="0" mb="0" cb="0"/><line nr="865" mi="8" ci="0" mb="0" cb="0"/><line nr="867" mi="5" ci="0" mb="0" cb="0"/><line nr="868" mi="1" ci="0" mb="0" cb="0"/><line nr="869" mi="2" ci="0" mb="0" cb="0"/><line nr="893" mi="0" ci="2" mb="1" cb="1"/><line nr="894" mi="5" ci="0" mb="0" cb="0"/><line nr="897" mi="0" ci="2" mb="1" cb="1"/><line nr="898" mi="12" ci="0" mb="0" cb="0"/><line nr="901" mi="0" ci="2" mb="1" cb="1"/><line nr="902" mi="12" ci="0" mb="0" cb="0"/><line nr="905" mi="0" ci="6" mb="1" cb="1"/><line nr="906" mi="8" ci="0" mb="0" cb="0"/><line nr="907" mi="16" ci="0" mb="0" cb="0"/><line nr="913" mi="0" ci="4" mb="1" cb="1"/><line nr="914" mi="2" ci="0" mb="0" cb="0"/><line nr="915" mi="2" ci="0" mb="0" cb="0"/><line nr="916" mi="2" ci="0" mb="0" cb="0"/><line nr="920" mi="4" ci="0" mb="0" cb="0"/><line nr="921" mi="8" ci="0" mb="0" cb="0"/><line nr="922" mi="5" ci="0" mb="0" cb="0"/><line nr="924" mi="5" ci="0" mb="0" cb="0"/><line nr="925" mi="2" ci="0" mb="0" cb="0"/><line nr="927" mi="1" ci="0" mb="0" cb="0"/><line nr="930" mi="2" ci="0" mb="0" cb="0"/><line nr="933" mi="9" ci="0" mb="4" cb="0"/><line nr="934" mi="8" ci="0" mb="4" cb="0"/><line nr="935" mi="9" ci="0" mb="4" cb="0"/><line nr="936" mi="2" ci="0" mb="0" cb="0"/><line nr="938" mi="3" ci="0" mb="0" cb="0"/><line nr="943" mi="2" ci="6" mb="1" cb="1"/><line nr="952" mi="0" ci="14" mb="0" cb="2"/><line nr="953" mi="0" ci="2" mb="1" cb="1"/><line nr="954" mi="6" ci="0" mb="0" cb="0"/><line nr="956" mi="0" ci="3" mb="0" cb="0"/><line nr="959" mi="0" ci="2" mb="0" cb="0"/><line nr="960" mi="0" ci="2" mb="0" cb="0"/><line nr="961" mi="0" ci="4" mb="0" cb="0"/><line nr="962" mi="0" ci="2" mb="0" cb="0"/><line nr="963" mi="0" ci="6" mb="0" cb="2"/><line nr="964" mi="0" ci="10" mb="0" cb="0"/><line nr="966" mi="0" ci="1" mb="0" cb="0"/><line nr="967" mi="3" ci="2" mb="3" cb="1"/><line nr="969" mi="6" ci="0" mb="0" cb="0"/><line nr="970" mi="1" ci="0" mb="0" cb="0"/><line nr="971" mi="2" ci="0" mb="0" cb="0"/><line nr="975" mi="0" ci="3" mb="0" cb="2"/><line nr="976" mi="0" ci="12" mb="0" cb="0"/><line nr="977" mi="0" ci="1" mb="0" cb="0"/><line nr="982" mi="0" ci="6" mb="1" cb="1"/><line nr="987" mi="3" ci="0" mb="0" cb="0"/><line nr="988" mi="6" ci="0" mb="0" cb="0"/><line nr="989" mi="2" ci="0" mb="0" cb="0"/><line nr="991" mi="0" ci="2" mb="0" cb="0"/><line nr="1038" mi="0" ci="2" mb="1" cb="1"/><line nr="1039" mi="5" ci="0" mb="0" cb="0"/><line nr="1041" mi="0" ci="2" mb="1" cb="1"/><line nr="1042" mi="5" ci="0" mb="0" cb="0"/><line nr="1044" mi="0" ci="8" mb="2" cb="2"/><line nr="1045" mi="12" ci="0" mb="0" cb="0"/><line nr="1046" mi="7" ci="0" mb="0" cb="0"/><line nr="1048" mi="0" ci="8" mb="2" cb="2"/><line nr="1049" mi="12" ci="0" mb="0" cb="0"/><line nr="1050" mi="7" ci="0" mb="0" cb="0"/><line nr="1054" mi="0" ci="3" mb="0" cb="0"/><line nr="1057" mi="0" ci="7" mb="0" cb="2"/><line nr="1061" mi="0" ci="22" mb="0" cb="0"/><line nr="1064" mi="0" ci="7" mb="0" cb="0"/><line nr="1065" mi="0" ci="2" mb="0" cb="0"/><line nr="1069" mi="0" ci="7" mb="0" cb="2"/><line nr="1074" mi="0" ci="34" mb="0" cb="0"/><line nr="1078" mi="0" ci="7" mb="0" cb="0"/><line nr="1079" mi="0" ci="9" mb="0" cb="0"/><line nr="1080" mi="0" ci="2" mb="0" cb="0"/><line nr="1090" mi="0" ci="44" mb="0" cb="0"/><line nr="1096" mi="0" ci="7" mb="0" cb="0"/><line nr="1097" mi="0" ci="9" mb="0" cb="0"/><line nr="1098" mi="0" ci="7" mb="0" cb="0"/><line nr="1100" mi="0" ci="2" mb="0" cb="0"/><line nr="1124" mi="2" ci="0" mb="0" cb="0"/><line nr="1126" mi="7" ci="0" mb="0" cb="0"/><line nr="1130" mi="2" ci="0" mb="0" cb="0"/><line nr="1156" mi="0" ci="2" mb="1" cb="1"/><line nr="1157" mi="5" ci="0" mb="0" cb="0"/><line nr="1159" mi="0" ci="8" mb="2" cb="2"/><line nr="1160" mi="12" ci="0" mb="0" cb="0"/><line nr="1161" mi="12" ci="0" mb="0" cb="0"/><line nr="1164" mi="0" ci="2" mb="1" cb="1"/><line nr="1165" mi="3" ci="0" mb="0" cb="0"/><line nr="1166" mi="0" ci="3" mb="1" cb="1"/><line nr="1167" mi="12" ci="0" mb="0" cb="0"/><line nr="1171" mi="0" ci="3" mb="0" cb="0"/><line nr="1173" mi="0" ci="6" mb="0" cb="0"/><line nr="1174" mi="0" ci="3" mb="0" cb="0"/><line nr="1175" mi="0" ci="2" mb="0" cb="0"/><line nr="1177" mi="0" ci="3" mb="0" cb="0"/><line nr="1178" mi="0" ci="2" mb="0" cb="0"/><line nr="1179" mi="0" ci="2" mb="0" cb="0"/><line nr="1180" mi="0" ci="2" mb="0" cb="0"/><line nr="1182" mi="0" ci="9" mb="0" cb="2"/><line nr="1184" mi="0" ci="8" mb="0" cb="0"/><line nr="1189" mi="0" ci="3" mb="1" cb="1"/><line nr="1190" mi="0" ci="3" mb="1" cb="1"/><line nr="1191" mi="0" ci="7" mb="0" cb="0"/><line nr="1192" mi="0" ci="3" mb="0" cb="2"/><line nr="1193" mi="0" ci="9" mb="0" cb="0"/><line nr="1194" mi="0" ci="2" mb="0" cb="0"/><line nr="1197" mi="0" ci="5" mb="0" cb="2"/><line nr="1198" mi="0" ci="1" mb="0" cb="0"/><line nr="1205" mi="15" ci="0" mb="0" cb="0"/><line nr="1206" mi="7" ci="0" mb="0" cb="0"/><line nr="1210" mi="0" ci="3" mb="0" cb="0"/><line nr="1211" mi="0" ci="6" mb="0" cb="0"/><line nr="1212" mi="0" ci="2" mb="0" cb="0"/><line nr="1228" mi="0" ci="4" mb="0" cb="0"/><line nr="1246" mi="0" ci="2" mb="1" cb="1"/><line nr="1247" mi="5" ci="0" mb="0" cb="0"/><line nr="1252" mi="0" ci="4" mb="0" cb="0"/><line nr="1254" mi="1" ci="0" mb="0" cb="0"/><line nr="1255" mi="5" ci="0" mb="0" cb="0"/><line nr="1256" mi="3" ci="0" mb="0" cb="0"/><line nr="1257" mi="0" ci="1" mb="0" cb="0"/><line nr="1261" mi="0" ci="7" mb="0" cb="0"/><line nr="1263" mi="0" ci="2" mb="1" cb="1"/><line nr="1264" mi="2" ci="0" mb="0" cb="0"/><line nr="1268" mi="0" ci="8" mb="0" cb="2"/><line nr="1269" mi="0" ci="6" mb="1" cb="3"/><line nr="1271" mi="0" ci="14" mb="0" cb="0"/><line nr="1272" mi="0" ci="3" mb="1" cb="1"/><line nr="1273" mi="2" ci="0" mb="0" cb="0"/><line nr="1274" mi="2" ci="0" mb="0" cb="0"/><line nr="1275" mi="2" ci="0" mb="0" cb="0"/><line nr="1276" mi="3" ci="0" mb="0" cb="0"/><line nr="1280" mi="4" ci="0" mb="0" cb="0"/><line nr="1281" mi="5" ci="0" mb="0" cb="0"/><line nr="1282" mi="5" ci="0" mb="0" cb="0"/><line nr="1284" mi="6" ci="0" mb="2" cb="0"/><line nr="1285" mi="6" ci="0" mb="0" cb="0"/><line nr="1289" mi="3" ci="0" mb="0" cb="0"/><line nr="1292" mi="1" ci="0" mb="0" cb="0"/><line nr="1293" mi="5" ci="0" mb="2" cb="0"/><line nr="1294" mi="4" ci="0" mb="0" cb="0"/><line nr="1296" mi="5" ci="0" mb="0" cb="0"/><line nr="1302" mi="13" ci="0" mb="6" cb="0"/><line nr="1303" mi="12" ci="0" mb="6" cb="0"/><line nr="1304" mi="14" ci="0" mb="6" cb="0"/><line nr="1305" mi="2" ci="0" mb="0" cb="0"/><line nr="1310" mi="0" ci="2" mb="0" cb="0"/><line nr="1329" mi="5" ci="0" mb="0" cb="0"/><line nr="1354" mi="4" ci="0" mb="0" cb="0"/><line nr="1356" mi="2" ci="0" mb="0" cb="0"/><line nr="1357" mi="2" ci="0" mb="0" cb="0"/><line nr="1358" mi="2" ci="0" mb="0" cb="0"/><line nr="1361" mi="5" ci="0" mb="0" cb="0"/><line nr="1364" mi="2" ci="0" mb="2" cb="0"/><line nr="1365" mi="6" ci="0" mb="0" cb="0"/><line nr="1371" mi="13" ci="0" mb="0" cb="0"/><line nr="1375" mi="7" ci="0" mb="0" cb="0"/><line nr="1376" mi="2" ci="0" mb="2" cb="0"/><line nr="1377" mi="4" ci="0" mb="0" cb="0"/><line nr="1379" mi="2" ci="0" mb="0" cb="0"/><line nr="1385" mi="3" ci="0" mb="0" cb="0"/><line nr="1387" mi="1" ci="0" mb="0" cb="0"/><line nr="1388" mi="2" ci="0" mb="0" cb="0"/><line nr="1390" mi="1" ci="0" mb="0" cb="0"/><line nr="1391" mi="2" ci="0" mb="0" cb="0"/><line nr="1394" mi="9" ci="0" mb="4" cb="0"/><line nr="1395" mi="9" ci="0" mb="4" cb="0"/><line nr="1396" mi="2" ci="0" mb="0" cb="0"/><line nr="1398" mi="2" ci="0" mb="0" cb="0"/><line nr="1420" mi="2" ci="0" mb="2" cb="0"/><line nr="1421" mi="5" ci="0" mb="0" cb="0"/><line nr="1424" mi="2" ci="0" mb="0" cb="0"/><line nr="1425" mi="2" ci="0" mb="0" cb="0"/><line nr="1427" mi="5" ci="0" mb="0" cb="0"/><line nr="1428" mi="6" ci="0" mb="0" cb="0"/><line nr="1429" mi="3" ci="0" mb="0" cb="0"/><line nr="1431" mi="1" ci="0" mb="0" cb="0"/><line nr="1432" mi="2" ci="0" mb="0" cb="0"/><line nr="1435" mi="9" ci="0" mb="4" cb="0"/><line nr="1436" mi="9" ci="0" mb="4" cb="0"/><line nr="1437" mi="2" ci="0" mb="0" cb="0"/><line nr="1439" mi="1" ci="0" mb="0" cb="0"/><line nr="1458" mi="2" ci="0" mb="0" cb="0"/><line nr="1459" mi="2" ci="0" mb="0" cb="0"/><line nr="1461" mi="5" ci="0" mb="0" cb="0"/><line nr="1462" mi="6" ci="0" mb="0" cb="0"/><line nr="1463" mi="5" ci="0" mb="0" cb="0"/><line nr="1465" mi="1" ci="0" mb="0" cb="0"/><line nr="1466" mi="2" ci="0" mb="0" cb="0"/><line nr="1469" mi="9" ci="0" mb="4" cb="0"/><line nr="1470" mi="9" ci="0" mb="4" cb="0"/><line nr="1471" mi="2" ci="0" mb="0" cb="0"/><line nr="1473" mi="1" ci="0" mb="0" cb="0"/><line nr="1495" mi="2" ci="0" mb="0" cb="0"/><line nr="1496" mi="2" ci="0" mb="0" cb="0"/><line nr="1497" mi="2" ci="0" mb="0" cb="0"/><line nr="1501" mi="5" ci="0" mb="0" cb="0"/><line nr="1502" mi="2" ci="0" mb="0" cb="0"/><line nr="1503" mi="2" ci="0" mb="0" cb="0"/><line nr="1504" mi="2" ci="0" mb="0" cb="0"/><line nr="1507" mi="5" ci="0" mb="2" cb="0"/><line nr="1509" mi="15" ci="0" mb="0" cb="0"/><line nr="1511" mi="5" ci="0" mb="0" cb="0"/><line nr="1514" mi="5" ci="0" mb="0" cb="0"/><line nr="1515" mi="9" ci="0" mb="0" cb="0"/><line nr="1518" mi="8" ci="0" mb="2" cb="0"/><line nr="1519" mi="5" ci="0" mb="0" cb="0"/><line nr="1523" mi="3" ci="0" mb="0" cb="0"/><line nr="1524" mi="6" ci="0" mb="0" cb="0"/><line nr="1527" mi="1" ci="0" mb="0" cb="0"/><line nr="1528" mi="2" ci="0" mb="0" cb="0"/><line nr="1531" mi="9" ci="0" mb="4" cb="0"/><line nr="1532" mi="9" ci="0" mb="4" cb="0"/><line nr="1533" mi="2" ci="0" mb="0" cb="0"/><line nr="1535" mi="2" ci="0" mb="0" cb="0"/><line nr="1557" mi="2" ci="0" mb="0" cb="0"/><line nr="1558" mi="2" ci="0" mb="0" cb="0"/><line nr="1559" mi="2" ci="0" mb="0" cb="0"/><line nr="1563" mi="5" ci="0" mb="0" cb="0"/><line nr="1564" mi="12" ci="0" mb="0" cb="0"/><line nr="1565" mi="2" ci="0" mb="0" cb="0"/><line nr="1566" mi="2" ci="0" mb="0" cb="0"/><line nr="1569" mi="5" ci="0" mb="0" cb="0"/><line nr="1570" mi="9" ci="0" mb="0" cb="0"/><line nr="1573" mi="8" ci="0" mb="2" cb="0"/><line nr="1574" mi="5" ci="0" mb="0" cb="0"/><line nr="1578" mi="8" ci="0" mb="0" cb="0"/><line nr="1581" mi="1" ci="0" mb="0" cb="0"/><line nr="1582" mi="2" ci="0" mb="0" cb="0"/><line nr="1585" mi="9" ci="0" mb="4" cb="0"/><line nr="1586" mi="9" ci="0" mb="4" cb="0"/><line nr="1587" mi="2" ci="0" mb="0" cb="0"/><line nr="1589" mi="2" ci="0" mb="0" cb="0"/><line nr="1603" mi="3" ci="0" mb="0" cb="0"/><line nr="1604" mi="2" ci="0" mb="0" cb="0"/><line nr="1605" mi="2" ci="0" mb="0" cb="0"/><line nr="1607" mi="5" ci="0" mb="0" cb="0"/><line nr="1608" mi="5" ci="0" mb="0" cb="0"/><line nr="1609" mi="5" ci="0" mb="0" cb="0"/><line nr="1611" mi="1" ci="0" mb="0" cb="0"/><line nr="1612" mi="2" ci="0" mb="0" cb="0"/><line nr="1615" mi="9" ci="0" mb="4" cb="0"/><line nr="1616" mi="9" ci="0" mb="4" cb="0"/><line nr="1618" mi="2" ci="0" mb="0" cb="0"/><line nr="1619" mi="1" ci="0" mb="0" cb="0"/><line nr="1633" mi="3" ci="0" mb="0" cb="0"/><line nr="1634" mi="2" ci="0" mb="0" cb="0"/><line nr="1635" mi="2" ci="0" mb="0" cb="0"/><line nr="1637" mi="5" ci="0" mb="0" cb="0"/><line nr="1638" mi="5" ci="0" mb="0" cb="0"/><line nr="1640" mi="3" ci="0" mb="0" cb="0"/><line nr="1642" mi="1" ci="0" mb="0" cb="0"/><line nr="1643" mi="2" ci="0" mb="0" cb="0"/><line nr="1646" mi="9" ci="0" mb="4" cb="0"/><line nr="1647" mi="9" ci="0" mb="4" cb="0"/><line nr="1648" mi="2" ci="0" mb="0" cb="0"/><line nr="1649" mi="1" ci="0" mb="0" cb="0"/><line nr="1684" mi="4" ci="0" mb="0" cb="0"/><line nr="1685" mi="1" ci="0" mb="0" cb="0"/><line nr="1710" mi="3" ci="0" mb="0" cb="0"/><line nr="1711" mi="3" ci="0" mb="0" cb="0"/><line nr="1712" mi="9" ci="0" mb="2" cb="0"/><line nr="1713" mi="9" ci="0" mb="2" cb="0"/><line nr="1714" mi="8" ci="0" mb="2" cb="0"/><line nr="1715" mi="5" ci="0" mb="0" cb="0"/><line nr="1716" mi="3" ci="0" mb="0" cb="0"/><line nr="1717" mi="3" ci="0" mb="0" cb="0"/><line nr="1718" mi="4" ci="0" mb="0" cb="0"/><line nr="1719" mi="1" ci="0" mb="0" cb="0"/><line nr="1732" mi="3" ci="0" mb="2" cb="0"/><line nr="1733" mi="3" ci="0" mb="2" cb="0"/><line nr="1734" mi="3" ci="0" mb="0" cb="0"/><line nr="1735" mi="2" ci="0" mb="0" cb="0"/><line nr="1736" mi="7" ci="0" mb="2" cb="0"/><line nr="1737" mi="4" ci="0" mb="0" cb="0"/><line nr="1740" mi="2" ci="0" mb="2" cb="0"/><line nr="1741" mi="5" ci="0" mb="0" cb="0"/><line nr="1742" mi="1" ci="0" mb="0" cb="0"/><line nr="1749" mi="2" ci="0" mb="2" cb="0"/><line nr="1750" mi="10" ci="0" mb="0" cb="0"/><line nr="1751" mi="3" ci="0" mb="0" cb="0"/><line nr="1752" mi="4" ci="0" mb="0" cb="0"/><line nr="1755" mi="2" ci="0" mb="0" cb="0"/><line nr="1757" mi="1" ci="0" mb="0" cb="0"/><line nr="1761" mi="3" ci="0" mb="0" cb="0"/><line nr="1762" mi="2" ci="0" mb="0" cb="0"/><line nr="1763" mi="7" ci="0" mb="2" cb="0"/><line nr="1765" mi="2" ci="0" mb="0" cb="0"/><line nr="1766" mi="4" ci="0" mb="0" cb="0"/><line nr="1767" mi="10" ci="0" mb="4" cb="0"/><line nr="1769" mi="2" ci="0" mb="2" cb="0"/><line nr="1770" mi="1" ci="0" mb="0" cb="0"/><line nr="1773" mi="5" ci="0" mb="0" cb="0"/><line nr="1776" mi="3" ci="0" mb="2" cb="0"/><line nr="1777" mi="10" ci="0" mb="0" cb="0"/><line nr="1778" mi="4" ci="0" mb="0" cb="0"/><line nr="1780" mi="2" ci="0" mb="2" cb="0"/><line nr="1781" mi="2" ci="0" mb="0" cb="0"/><line nr="1785" mi="5" ci="0" mb="0" cb="0"/><line nr="1792" mi="3" ci="0" mb="2" cb="0"/><line nr="1794" mi="5" ci="0" mb="2" cb="0"/><line nr="1795" mi="2" ci="0" mb="0" cb="0"/><line nr="1798" mi="10" ci="0" mb="6" cb="0"/><line nr="1799" mi="3" ci="0" mb="0" cb="0"/><line nr="1800" mi="2" ci="0" mb="0" cb="0"/><line nr="1803" mi="6" ci="0" mb="0" cb="0"/><line nr="1807" mi="11" ci="0" mb="0" cb="0"/><line nr="1809" mi="5" ci="0" mb="2" cb="0"/><line nr="1810" mi="3" ci="0" mb="0" cb="0"/><line nr="1813" mi="4" ci="0" mb="0" cb="0"/><line nr="1820" mi="5" ci="0" mb="0" cb="0"/><line nr="1842" mi="7" ci="0" mb="2" cb="0"/><line nr="1843" mi="3" ci="0" mb="0" cb="0"/><line nr="1845" mi="2" ci="0" mb="2" cb="0"/><line nr="1846" mi="8" ci="0" mb="0" cb="0"/><line nr="1848" mi="2" ci="0" mb="2" cb="0"/><line nr="1849" mi="2" ci="0" mb="0" cb="0"/><line nr="1855" mi="2" ci="0" mb="0" cb="0"/><line nr="1897" mi="4" ci="0" mb="0" cb="0"/><line nr="1898" mi="1" ci="0" mb="0" cb="0"/><line nr="1921" mi="3" ci="0" mb="0" cb="0"/><line nr="1922" mi="9" ci="0" mb="2" cb="0"/><line nr="1923" mi="9" ci="0" mb="2" cb="0"/><line nr="1924" mi="8" ci="0" mb="2" cb="0"/><line nr="1925" mi="5" ci="0" mb="0" cb="0"/><line nr="1926" mi="3" ci="0" mb="0" cb="0"/><line nr="1927" mi="3" ci="0" mb="0" cb="0"/><line nr="1928" mi="3" ci="0" mb="0" cb="0"/><line nr="1929" mi="4" ci="0" mb="0" cb="0"/><line nr="1930" mi="3" ci="0" mb="0" cb="0"/><line nr="1931" mi="4" ci="0" mb="0" cb="0"/><line nr="1932" mi="1" ci="0" mb="0" cb="0"/><line nr="1951" mi="3" ci="0" mb="2" cb="0"/><line nr="1952" mi="4" ci="0" mb="0" cb="0"/><line nr="1953" mi="1" ci="0" mb="0" cb="0"/><line nr="1957" mi="3" ci="0" mb="2" cb="0"/><line nr="1958" mi="12" ci="0" mb="0" cb="0"/><line nr="1959" mi="5" ci="0" mb="2" cb="0"/><line nr="1961" mi="12" ci="0" mb="0" cb="0"/><line nr="1963" mi="6" ci="0" mb="0" cb="0"/><line nr="1964" mi="7" ci="0" mb="4" cb="0"/><line nr="1965" mi="4" ci="0" mb="0" cb="0"/><line nr="1966" mi="3" ci="0" mb="0" cb="0"/><line nr="1969" mi="4" ci="0" mb="0" cb="0"/><line nr="1976" mi="8" ci="0" mb="2" cb="0"/><line nr="1977" mi="12" ci="0" mb="0" cb="0"/><line nr="1978" mi="5" ci="0" mb="2" cb="0"/><line nr="1980" mi="10" ci="0" mb="0" cb="0"/><line nr="1981" mi="7" ci="0" mb="0" cb="0"/><line nr="1982" mi="3" ci="0" mb="0" cb="0"/><line nr="1983" mi="1" ci="0" mb="0" cb="0"/><line nr="1985" mi="8" ci="0" mb="2" cb="0"/><line nr="1986" mi="5" ci="0" mb="0" cb="0"/><line nr="1989" mi="1" ci="0" mb="0" cb="0"/><line nr="2006" mi="3" ci="0" mb="2" cb="0"/><line nr="2007" mi="6" ci="0" mb="0" cb="0"/><line nr="2008" mi="1" ci="0" mb="0" cb="0"/><line nr="2011" mi="7" ci="0" mb="2" cb="0"/><line nr="2012" mi="7" ci="0" mb="0" cb="0"/><line nr="2015" mi="1" ci="0" mb="0" cb="0"/><line nr="2025" mi="3" ci="0" mb="2" cb="0"/><line nr="2026" mi="3" ci="0" mb="2" cb="0"/><line nr="2027" mi="12" ci="0" mb="0" cb="0"/><line nr="2028" mi="4" ci="0" mb="0" cb="0"/><line nr="2031" mi="5" ci="0" mb="0" cb="0"/><line nr="2035" mi="1" ci="0" mb="0" cb="0"/><line nr="2046" mi="2" ci="0" mb="0" cb="0"/><line nr="2050" mi="2" ci="0" mb="0" cb="0"/><line nr="2052" mi="3" ci="0" mb="0" cb="0"/><line nr="2053" mi="3" ci="0" mb="0" cb="0"/><line nr="2054" mi="1" ci="0" mb="0" cb="0"/><line nr="2067" mi="2" ci="0" mb="0" cb="0"/><line nr="2068" mi="3" ci="0" mb="0" cb="0"/><line nr="2069" mi="1" ci="0" mb="0" cb="0"/><line nr="2080" mi="3" ci="0" mb="0" cb="0"/><line nr="2081" mi="1" ci="0" mb="0" cb="0"/><counter type="INSTRUCTION" missed="1674" covered="4523"/><counter type="BRANCH" missed="249" covered="61"/><counter type="LINE" missed="371" covered="116"/><counter type="COMPLEXITY" missed="174" covered="25"/><counter type="METHOD" missed="32" covered="11"/><counter type="CLASS" missed="3" covered="1"/></sourcefile><sourcefile name="TokenUtil.java"><line nr="30" mi="3" ci="0" mb="0" cb="0"/><line nr="42" mi="5" ci="0" mb="4" cb="0"/><line nr="43" mi="2" ci="0" mb="0" cb="0"/><line nr="45" mi="9" ci="0" mb="0" cb="0"/><line nr="50" mi="4" ci="0" mb="0" cb="0"/><line nr="54" mi="4" ci="0" mb="0" cb="0"/><line nr="58" mi="4" ci="0" mb="4" cb="0"/><line nr="59" mi="2" ci="0" mb="0" cb="0"/><line nr="62" mi="4" ci="0" mb="0" cb="0"/><line nr="63" mi="16" ci="0" mb="2" cb="0"/><line nr="64" mi="4" ci="0" mb="2" cb="0"/><line nr="65" mi="2" ci="0" mb="0" cb="0"/><line nr="68" mi="2" ci="0" mb="0" cb="0"/><line nr="76" mi="5" ci="0" mb="0" cb="0"/><line nr="77" mi="1" ci="0" mb="0" cb="0"/><line nr="78" mi="5" ci="0" mb="0" cb="0"/><line nr="83" mi="6" ci="0" mb="0" cb="0"/><line nr="84" mi="3" ci="0" mb="0" cb="0"/><line nr="91" mi="3" ci="0" mb="0" cb="0"/><line nr="92" mi="5" ci="0" mb="0" cb="0"/><counter type="INSTRUCTION" missed="89" covered="0"/><counter type="BRANCH" missed="12" covered="0"/><counter type="LINE" missed="20" covered="0"/><counter type="COMPLEXITY" missed="14" covered="0"/><counter type="METHOD" missed="8" covered="0"/><counter type="CLASS" missed="1" covered="0"/></sourcefile><sourcefile name="JsonSerialization.java"><line nr="18" mi="3" ci="0" mb="0" cb="0"/><line nr="19" mi="0" ci="4" mb="0" cb="0"/><line nr="20" mi="0" ci="4" mb="0" cb="0"/><line nr="21" mi="0" ci="7" mb="0" cb="0"/><line nr="25" mi="0" ci="4" mb="0" cb="0"/><line nr="26" mi="0" ci="4" mb="0" cb="0"/><line nr="27" mi="0" ci="4" mb="0" cb="0"/><line nr="28" mi="0" ci="1" mb="0" cb="0"/><line nr="31" mi="4" ci="0" mb="0" cb="0"/><line nr="32" mi="1" ci="0" mb="0" cb="0"/><line nr="35" mi="4" ci="0" mb="0" cb="0"/><line nr="36" mi="1" ci="0" mb="0" cb="0"/><line nr="39" mi="4" ci="0" mb="0" cb="0"/><line nr="43" mi="4" ci="0" mb="0" cb="0"/><line nr="47" mi="0" ci="4" mb="0" cb="0"/><line nr="51" mi="0" ci="5" mb="0" cb="0"/><line nr="55" mi="5" ci="0" mb="0" cb="0"/><line nr="59" mi="5" ci="0" mb="0" cb="0"/><line nr="63" mi="5" ci="0" mb="0" cb="0"/><line nr="67" mi="5" ci="0" mb="0" cb="0"/><line nr="71" mi="2" ci="0" mb="2" cb="0"/><line nr="72" mi="5" ci="0" mb="0" cb="0"/><line nr="74" mi="5" ci="0" mb="0" cb="0"/><counter type="INSTRUCTION" missed="53" covered="37"/><counter type="BRANCH" missed="2" covered="0"/><counter type="LINE" missed="14" covered="9"/><counter type="COMPLEXITY" missed="11" covered="3"/><counter type="METHOD" missed="10" covered="3"/><counter type="CLASS" missed="0" covered="1"/></sourcefile><sourcefile name="Time.java"><line nr="25" mi="3" ci="0" mb="0" cb="0"/><line nr="33" mi="0" ci="7" mb="0" cb="0"/><line nr="40" mi="7" ci="0" mb="0" cb="0"/><line nr="49" mi="8" ci="0" mb="0" cb="0"/><line nr="58" mi="5" ci="0" mb="0" cb="0"/><line nr="65" mi="2" ci="0" mb="0" cb="0"/><line nr="73" mi="2" ci="0" mb="0" cb="0"/><line nr="74" mi="1" ci="0" mb="0" cb="0"/><counter type="INSTRUCTION" missed="28" covered="7"/><counter type="LINE" missed="7" covered="1"/><counter type="COMPLEXITY" missed="6" covered="1"/><counter type="METHOD" missed="6" covered="1"/><counter type="CLASS" missed="0" covered="1"/></sourcefile><sourcefile name="StringPropertyReplacer.java"><line nr="32" mi="3" ci="0" mb="0" cb="0"/><line nr="35" mi="4" ci="0" mb="0" cb="0"/><line nr="38" mi="2" ci="0" mb="0" cb="0"/><line nr="41" mi="3" ci="0" mb="0" cb="0"/><line nr="75" mi="4" ci="0" mb="0" cb="0"/><line nr="100" mi="3" ci="0" mb="0" cb="0"/><line nr="101" mi="4" ci="0" mb="0" cb="0"/><line nr="102" mi="2" ci="0" mb="0" cb="0"/><line nr="103" mi="2" ci="0" mb="0" cb="0"/><line nr="104" mi="2" ci="0" mb="0" cb="0"/><line nr="105" mi="8" ci="0" mb="2" cb="0"/><line nr="107" mi="4" ci="0" mb="0" cb="0"/><line nr="110" mi="6" ci="0" mb="4" cb="0"/><line nr="111" mi="3" ci="0" mb="0" cb="0"/><line nr="114" mi="6" ci="0" mb="4" cb="0"/><line nr="116" mi="9" ci="0" mb="0" cb="0"/><line nr="117" mi="2" ci="0" mb="0" cb="0"/><line nr="118" mi="5" ci="0" mb="0" cb="0"/><line nr="122" mi="3" ci="0" mb="2" cb="0"/><line nr="123" mi="3" ci="0" mb="0" cb="0"/><line nr="126" mi="6" ci="0" mb="4" cb="0"/><line nr="129" mi="5" ci="0" mb="2" cb="0"/><line nr="131" mi="5" ci="0" mb="0" cb="0"/><line nr="135" mi="2" ci="0" mb="0" cb="0"/><line nr="137" mi="7" ci="0" mb="0" cb="0"/><line nr="140" mi="4" ci="0" mb="2" cb="0"/><line nr="142" mi="3" ci="0" mb="0" cb="0"/><line nr="144" mi="4" ci="0" mb="2" cb="0"/><line nr="146" mi="3" ci="0" mb="0" cb="0"/><line nr="151" mi="2" ci="0" mb="2" cb="0"/><line nr="152" mi="5" ci="0" mb="0" cb="0"/><line nr="154" mi="3" ci="0" mb="0" cb="0"/><line nr="156" mi="2" ci="0" mb="2" cb="0"/><line nr="159" mi="4" ci="0" mb="0" cb="0"/><line nr="160" mi="2" ci="0" mb="2" cb="0"/><line nr="162" mi="5" ci="0" mb="0" cb="0"/><line nr="163" mi="2" ci="0" mb="2" cb="0"/><line nr="164" mi="5" ci="0" mb="0" cb="0"/><line nr="166" mi="3" ci="0" mb="0" cb="0"/><line nr="168" mi="2" ci="0" mb="2" cb="0"/><line nr="171" mi="4" ci="0" mb="0" cb="0"/><line nr="174" mi="2" ci="0" mb="2" cb="0"/><line nr="175" mi="6" ci="0" mb="0" cb="0"/><line nr="177" mi="1" ci="0" mb="0" cb="0"/><line nr="181" mi="4" ci="0" mb="0" cb="0"/><line nr="186" mi="2" ci="0" mb="2" cb="0"/><line nr="188" mi="2" ci="0" mb="0" cb="0"/><line nr="189" mi="5" ci="0" mb="0" cb="0"/><line nr="193" mi="4" ci="0" mb="0" cb="0"/><line nr="194" mi="4" ci="0" mb="0" cb="0"/><line nr="195" mi="4" ci="0" mb="0" cb="0"/><line nr="199" mi="4" ci="0" mb="0" cb="0"/><line nr="200" mi="2" ci="0" mb="0" cb="0"/><line nr="205" mi="2" ci="0" mb="2" cb="0"/><line nr="206" mi="2" ci="0" mb="0" cb="0"/><line nr="209" mi="4" ci="0" mb="2" cb="0"/><line nr="210" mi="8" ci="0" mb="0" cb="0"/><line nr="213" mi="3" ci="0" mb="0" cb="0"/><line nr="229" mi="2" ci="0" mb="0" cb="0"/><line nr="232" mi="4" ci="0" mb="0" cb="0"/><line nr="233" mi="3" ci="0" mb="2" cb="0"/><line nr="236" mi="2" ci="0" mb="2" cb="0"/><line nr="239" mi="5" ci="0" mb="0" cb="0"/><line nr="240" mi="2" ci="0" mb="2" cb="0"/><line nr="241" mi="5" ci="0" mb="0" cb="0"/><line nr="243" mi="3" ci="0" mb="0" cb="0"/><line nr="246" mi="8" ci="0" mb="4" cb="0"/><line nr="248" mi="6" ci="0" mb="0" cb="0"/><line nr="249" mi="2" ci="0" mb="2" cb="0"/><line nr="250" mi="5" ci="0" mb="0" cb="0"/><line nr="252" mi="3" ci="0" mb="0" cb="0"/><line nr="256" mi="2" ci="0" mb="0" cb="0"/><counter type="INSTRUCTION" missed="267" covered="0"/><counter type="BRANCH" missed="52" covered="0"/><counter type="LINE" missed="72" covered="0"/><counter type="COMPLEXITY" missed="31" covered="0"/><counter type="METHOD" missed="5" covered="0"/><counter type="CLASS" missed="1" covered="0"/></sourcefile><sourcefile name="PemUtils.java"><line nr="25" mi="0" ci="1" mb="0" cb="0"/><line nr="26" mi="0" ci="1" mb="0" cb="0"/><line nr="28" mi="2" ci="0" mb="0" cb="0"/><line nr="29" mi="1" ci="0" mb="0" cb="0"/><line nr="35" mi="2" ci="0" mb="2" cb="0"/><line nr="36" mi="2" ci="0" mb="0" cb="0"/><line nr="40" mi="3" ci="0" mb="0" cb="0"/><line nr="41" mi="5" ci="0" mb="0" cb="0"/><line nr="42" mi="3" ci="0" mb="0" cb="0"/><line nr="43" mi="1" ci="0" mb="0" cb="0"/><line nr="44" mi="5" ci="0" mb="0" cb="0"/><line nr="52" mi="0" ci="2" mb="1" cb="1"/><line nr="53" mi="2" ci="0" mb="0" cb="0"/><line nr="57" mi="0" ci="3" mb="0" cb="0"/><line nr="58" mi="0" ci="3" mb="0" cb="0"/><line nr="59" mi="1" ci="0" mb="0" cb="0"/><line nr="60" mi="5" ci="0" mb="0" cb="0"/><line nr="68" mi="3" ci="0" mb="0" cb="0"/><line nr="75" mi="3" ci="0" mb="0" cb="0"/><line nr="79" mi="2" ci="0" mb="2" cb="0"/><line nr="80" mi="2" ci="0" mb="0" cb="0"/><line nr="84" mi="4" ci="0" mb="0" cb="0"/><line nr="85" mi="5" ci="0" mb="0" cb="0"/><line nr="86" mi="3" ci="0" mb="0" cb="0"/><line nr="87" mi="2" ci="0" mb="0" cb="0"/><line nr="88" mi="2" ci="0" mb="0" cb="0"/><line nr="89" mi="3" ci="0" mb="0" cb="0"/><line nr="90" mi="3" ci="0" mb="0" cb="0"/><line nr="91" mi="1" ci="0" mb="0" cb="0"/><line nr="92" mi="5" ci="0" mb="0" cb="0"/><line nr="97" mi="0" ci="3" mb="0" cb="0"/><line nr="98" mi="0" ci="3" mb="0" cb="0"/><line nr="102" mi="0" ci="6" mb="0" cb="0"/><line nr="103" mi="0" ci="3" mb="0" cb="0"/><line nr="104" mi="0" ci="3" mb="0" cb="0"/><line nr="105" mi="0" ci="2" mb="0" cb="0"/><line nr="106" mi="0" ci="3" mb="0" cb="0"/><counter type="INSTRUCTION" missed="70" covered="33"/><counter type="BRANCH" missed="5" covered="1"/><counter type="LINE" missed="25" covered="12"/><counter type="COMPLEXITY" missed="8" covered="4"/><counter type="METHOD" missed="5" covered="4"/><counter type="CLASS" missed="0" covered="1"/></sourcefile><sourcefile name="Base64Url.java"><line nr="27" mi="3" ci="0" mb="0" cb="0"/><line nr="29" mi="0" ci="3" mb="0" cb="0"/><line nr="30" mi="0" ci="6" mb="0" cb="0"/><line nr="31" mi="0" ci="5" mb="0" cb="0"/><line nr="32" mi="0" ci="5" mb="0" cb="0"/><line nr="33" mi="0" ci="2" mb="0" cb="0"/><line nr="37" mi="0" ci="6" mb="0" cb="0"/><line nr="38" mi="0" ci="2" mb="0" cb="0"/><line nr="39" mi="0" ci="5" mb="1" cb="3"/><line nr="42" mi="0" ci="1" mb="0" cb="0"/><line nr="44" mi="0" ci="9" mb="0" cb="0"/><line nr="45" mi="0" ci="1" mb="0" cb="0"/><line nr="47" mi="0" ci="9" mb="0" cb="0"/><line nr="48" mi="0" ci="1" mb="0" cb="0"/><line nr="50" mi="5" ci="0" mb="0" cb="0"/><line nr="54" mi="0" ci="4" mb="0" cb="0"/><line nr="55" mi="1" ci="0" mb="0" cb="0"/><line nr="56" mi="7" ci="0" mb="0" cb="0"/><counter type="INSTRUCTION" missed="16" covered="59"/><counter type="BRANCH" missed="1" covered="3"/><counter type="LINE" missed="4" covered="14"/><counter type="COMPLEXITY" missed="2" covered="4"/><counter type="METHOD" missed="1" covered="2"/><counter type="CLASS" missed="0" covered="1"/></sourcefile><counter type="INSTRUCTION" missed="2309" covered="4695"/><counter type="BRANCH" missed="326" covered="66"/><counter type="LINE" missed="540" covered="163"/><counter type="COMPLEXITY" missed="261" covered="44"/><counter type="METHOD" missed="79" covered="28"/><counter type="CLASS" missed="6" covered="9"/></package><package name="pro/javatar/security/jwt/exception"><class name="pro/javatar/security/jwt/exception/VerificationException"><method name="&lt;init&gt;" desc="(Ljava/lang/String;)V" line="27"><counter type="INSTRUCTION" missed="0" covered="4"/><counter type="LINE" missed="0" covered="2"/><counter type="COMPLEXITY" missed="0" covered="1"/><counter type="METHOD" missed="0" covered="1"/></method><method name="&lt;init&gt;" desc="(Ljava/lang/String;Ljava/lang/Throwable;)V" line="31"><counter type="INSTRUCTION" missed="5" covered="0"/><counter type="LINE" missed="2" covered="0"/><counter type="COMPLEXITY" missed="1" covered="0"/><counter type="METHOD" missed="1" covered="0"/></method><method name="&lt;init&gt;" desc="(Ljava/lang/Throwable;)V" line="35"><counter type="INSTRUCTION" missed="4" covered="0"/><counter type="LINE" missed="2" covered="0"/><counter type="COMPLEXITY" missed="1" covered="0"/><counter type="METHOD" missed="1" covered="0"/></method><counter type="INSTRUCTION" missed="9" covered="4"/><counter type="LINE" missed="4" covered="2"/><counter type="COMPLEXITY" missed="2" covered="1"/><counter type="METHOD" missed="2" covered="1"/><counter type="CLASS" missed="0" covered="1"/></class><class name="pro/javatar/security/jwt/exception/Base64UtilException"><method name="&lt;init&gt;" desc="()V" line="5"><counter type="INSTRUCTION" missed="3" covered="0"/><counter type="LINE" missed="2" covered="0"/><counter type="COMPLEXITY" missed="1" covered="0"/><counter type="METHOD" missed="1" covered="0"/></method><method name="&lt;init&gt;" desc="(Ljava/lang/String;)V" line="9"><counter type="INSTRUCTION" missed="4" covered="0"/><counter type="LINE" missed="2" covered="0"/><counter type="COMPLEXITY" missed="1" covered="0"/><counter type="METHOD" missed="1" covered="0"/></method><method name="&lt;init&gt;" desc="(Ljava/lang/String;Ljava/lang/Throwable;)V" line="13"><counter type="INSTRUCTION" missed="5" covered="0"/><counter type="LINE" missed="2" covered="0"/><counter type="COMPLEXITY" missed="1" covered="0"/><counter type="METHOD" missed="1" covered="0"/></method><counter type="INSTRUCTION" missed="12" covered="0"/><counter type="LINE" missed="6" covered="0"/><counter type="COMPLEXITY" missed="3" covered="0"/><counter type="METHOD" missed="3" covered="0"/><counter type="CLASS" missed="1" covered="0"/></class><class name="pro/javatar/security/jwt/exception/PemException"><method name="&lt;init&gt;" desc="(Ljava/lang/Throwable;)V" line="26"><counter type="INSTRUCTION" missed="4" covered="0"/><counter type="LINE" missed="2" covered="0"/><counter type="COMPLEXITY" missed="1" covered="0"/><counter type="METHOD" missed="1" covered="0"/></method><counter type="INSTRUCTION" missed="4" covered="0"/><counter type="LINE" missed="2" covered="0"/><counter type="COMPLEXITY" missed="1" covered="0"/><counter type="METHOD" missed="1" covered="0"/><counter type="CLASS" missed="1" covered="0"/></class><class name="pro/javatar/security/jwt/exception/TokenExpirationException"><method name="&lt;init&gt;" desc="()V" line="25"><counter type="INSTRUCTION" missed="3" covered="0"/><counter type="LINE" missed="2" covered="0"/><counter type="COMPLEXITY" missed="1" covered="0"/><counter type="METHOD" missed="1" covered="0"/></method><method name="&lt;init&gt;" desc="(Ljava/lang/String;)V" line="29"><counter type="INSTRUCTION" missed="0" covered="4"/><counter type="LINE" missed="0" covered="2"/><counter type="COMPLEXITY" missed="0" covered="1"/><counter type="METHOD" missed="0" covered="1"/></method><method name="&lt;init&gt;" desc="(Ljava/lang/String;Ljava/lang/Throwable;)V" line="33"><counter type="INSTRUCTION" missed="5" covered="0"/><counter type="LINE" missed="2" covered="0"/><counter type="COMPLEXITY" missed="1" covered="0"/><counter type="METHOD" missed="1" covered="0"/></method><method name="&lt;init&gt;" desc="(Ljava/lang/Throwable;)V" line="37"><counter type="INSTRUCTION" missed="4" covered="0"/><counter type="LINE" missed="2" covered="0"/><counter type="COMPLEXITY" missed="1" covered="0"/><counter type="METHOD" missed="1" covered="0"/></method><counter type="INSTRUCTION" missed="12" covered="4"/><counter type="LINE" missed="6" covered="2"/><counter type="COMPLEXITY" missed="3" covered="1"/><counter type="METHOD" missed="3" covered="1"/><counter type="CLASS" missed="0" covered="1"/></class><class name="pro/javatar/security/jwt/exception/JwtException"><method name="&lt;init&gt;" desc="()V" line="5"><counter type="INSTRUCTION" missed="3" covered="0"/><counter type="LINE" missed="2" covered="0"/><counter type="COMPLEXITY" missed="1" covered="0"/><counter type="METHOD" missed="1" covered="0"/></method><method name="&lt;init&gt;" desc="(Ljava/lang/String;)V" line="9"><counter type="INSTRUCTION" missed="4" covered="0"/><counter type="LINE" missed="2" covered="0"/><counter type="COMPLEXITY" missed="1" covered="0"/><counter type="METHOD" missed="1" covered="0"/></method><method name="&lt;init&gt;" desc="(Ljava/lang/String;Ljava/lang/Throwable;)V" line="13"><counter type="INSTRUCTION" missed="0" covered="5"/><counter type="LINE" missed="0" covered="2"/><counter type="COMPLEXITY" missed="0" covered="1"/><counter type="METHOD" missed="0" covered="1"/></method><counter type="INSTRUCTION" missed="7" covered="5"/><counter type="LINE" missed="4" covered="2"/><counter type="COMPLEXITY" missed="2" covered="1"/><counter type="METHOD" missed="2" covered="1"/><counter type="CLASS" missed="0" covered="1"/></class><sourcefile name="VerificationException.java"><line nr="27" mi="0" ci="3" mb="0" cb="0"/><line nr="28" mi="0" ci="1" mb="0" cb="0"/><line nr="31" mi="4" ci="0" mb="0" cb="0"/><line nr="32" mi="1" ci="0" mb="0" cb="0"/><line nr="35" mi="3" ci="0" mb="0" cb="0"/><line nr="36" mi="1" ci="0" mb="0" cb="0"/><counter type="INSTRUCTION" missed="9" covered="4"/><counter type="LINE" missed="4" covered="2"/><counter type="COMPLEXITY" missed="2" covered="1"/><counter type="METHOD" missed="2" covered="1"/><counter type="CLASS" missed="0" covered="1"/></sourcefile><sourcefile name="Base64UtilException.java"><line nr="5" mi="2" ci="0" mb="0" cb="0"/><line nr="6" mi="1" ci="0" mb="0" cb="0"/><line nr="9" mi="3" ci="0" mb="0" cb="0"/><line nr="10" mi="1" ci="0" mb="0" cb="0"/><line nr="13" mi="4" ci="0" mb="0" cb="0"/><line nr="14" mi="1" ci="0" mb="0" cb="0"/><counter type="INSTRUCTION" missed="12" covered="0"/><counter type="LINE" missed="6" covered="0"/><counter type="COMPLEXITY" missed="3" covered="0"/><counter type="METHOD" missed="3" covered="0"/><counter type="CLASS" missed="1" covered="0"/></sourcefile><sourcefile name="JwtException.java"><line nr="5" mi="2" ci="0" mb="0" cb="0"/><line nr="6" mi="1" ci="0" mb="0" cb="0"/><line nr="9" mi="3" ci="0" mb="0" cb="0"/><line nr="10" mi="1" ci="0" mb="0" cb="0"/><line nr="13" mi="0" ci="4" mb="0" cb="0"/><line nr="14" mi="0" ci="1" mb="0" cb="0"/><counter type="INSTRUCTION" missed="7" covered="5"/><counter type="LINE" missed="4" covered="2"/><counter type="COMPLEXITY" missed="2" covered="1"/><counter type="METHOD" missed="2" covered="1"/><counter type="CLASS" missed="0" covered="1"/></sourcefile><sourcefile name="PemException.java"><line nr="26" mi="3" ci="0" mb="0" cb="0"/><line nr="27" mi="1" ci="0" mb="0" cb="0"/><counter type="INSTRUCTION" missed="4" covered="0"/><counter type="LINE" missed="2" covered="0"/><counter type="COMPLEXITY" missed="1" covered="0"/><counter type="METHOD" missed="1" covered
[...]
ro/javatar/security/jwt/bean/jws/AlgorithmType;" line="50"><counter type="INSTRUCTION" missed="0" covered="3"/><counter type="LINE" missed="0" covered="1"/><counter type="COMPLEXITY" missed="0" covered="1"/><counter type="METHOD" missed="0" covered="1"/></method><method name="getProvider" desc="()Lpro/javatar/security/jwt/bean/jws/crypto/SignatureProvider;" line="54"><counter type="INSTRUCTION" missed="3" covered="0"/><counter type="LINE" missed="1" covered="0"/><counter type="COMPLEXITY" missed="1" covered="0"/><counter type="METHOD" missed="1" covered="0"/></method><method name="&lt;clinit&gt;" desc="()V" line="27"><counter type="INSTRUCTION" missed="0" covered="130"/><counter type="LINE" missed="0" covered="11"/><counter type="COMPLEXITY" missed="0" covered="1"/><counter type="METHOD" missed="0" covered="1"/></method><counter type="INSTRUCTION" missed="8" covered="148"/><counter type="LINE" missed="1" covered="16"/><counter type="COMPLEXITY" missed="2" covered="4"/><counter type="METHOD" missed="2" covered="4"/><counter type="CLASS" missed="0" covered="1"/></class><class name="pro/javatar/security/jwt/bean/jws/JWSInput"><method name="&lt;init&gt;" desc="(Ljava/lang/String;)V" line="46"><counter type="INSTRUCTION" missed="0" covered="87"/><counter type="BRANCH" missed="2" covered="4"/><counter type="LINE" missed="0" covered="18"/><counter type="COMPLEXITY" missed="2" covered="2"/><counter type="METHOD" missed="0" covered="1"/></method><method name="getWireString" desc="()Ljava/lang/String;" line="69"><counter type="INSTRUCTION" missed="3" covered="0"/><counter type="LINE" missed="1" covered="0"/><counter type="COMPLEXITY" missed="1" covered="0"/><counter type="METHOD" missed="1" covered="0"/></method><method name="getEncodedHeader" desc="()Ljava/lang/String;" line="73"><counter type="INSTRUCTION" missed="3" covered="0"/><counter type="LINE" missed="1" covered="0"/><counter type="COMPLEXITY" missed="1" covered="0"/><counter type="METHOD" missed="1" covered="0"/></method><method name="getEncodedContent" desc="()Ljava/lang/String;" line="77"><counter type="INSTRUCTION" missed="3" covered="0"/><counter type="LINE" missed="1" covered="0"/><counter type="COMPLEXITY" missed="1" covered="0"/><counter type="METHOD" missed="1" covered="0"/></method><method name="getEncodedSignature" desc="()Ljava/lang/String;" line="81"><counter type="INSTRUCTION" missed="3" covered="0"/><counter type="LINE" missed="1" covered="0"/><counter type="COMPLEXITY" missed="1" covered="0"/><counter type="METHOD" missed="1" covered="0"/></method><method name="getEncodedSignatureInput" desc="()Ljava/lang/String;" line="84"><counter type="INSTRUCTION" missed="0" covered="3"/><counter type="LINE" missed="0" covered="1"/><counter type="COMPLEXITY" missed="0" covered="1"/><counter type="METHOD" missed="0" covered="1"/></method><method name="getHeader" desc="()Lpro/javatar/security/jwt/bean/jws/JWSHeader;" line="88"><counter type="INSTRUCTION" missed="0" covered="3"/><counter type="LINE" missed="0" covered="1"/><counter type="COMPLEXITY" missed="0" covered="1"/><counter type="METHOD" missed="0" covered="1"/></method><method name="getContent" desc="()[B" line="92"><counter type="INSTRUCTION" missed="3" covered="0"/><counter type="LINE" missed="1" covered="0"/><counter type="COMPLEXITY" missed="1" covered="0"/><counter type="METHOD" missed="1" covered="0"/></method><method name="getSignature" desc="()[B" line="96"><counter type="INSTRUCTION" missed="0" covered="3"/><counter type="LINE" missed="0" covered="1"/><counter type="COMPLEXITY" missed="0" covered="1"/><counter type="METHOD" missed="0" covered="1"/></method><method name="verify" desc="(Ljava/lang/String;)Z" line="100"><counter type="INSTRUCTION" missed="21" covered="0"/><counter type="BRANCH" missed="2" covered="0"/><counter type="LINE" missed="4" covered="0"/><counter type="COMPLEXITY" missed="2" covered="0"/><counter type="METHOD" missed="1" covered="0"/></method><method name="readJsonContent" desc="(Ljava/lang/Class;)Ljava/lang/Object;" line="109"><counter type="INSTRUCTION" missed="10" covered="5"/><counter type="LINE" missed="3" covered="1"/><counter type="COMPLEXITY" missed="0" covered="1"/><counter type="METHOD" missed="0" covered="1"/></method><method name="readContentAsString" desc="()Ljava/lang/String;" line="118"><counter type="INSTRUCTION" missed="15" covered="0"/><counter type="LINE" missed="3" covered="0"/><counter type="COMPLEXITY" missed="1" covered="0"/><counter type="METHOD" missed="1" covered="0"/></method><method name="&lt;clinit&gt;" desc="()V" line="35"><counter type="INSTRUCTION" missed="0" covered="5"/><counter type="LINE" missed="0" covered="1"/><counter type="COMPLEXITY" missed="0" covered="1"/><counter type="METHOD" missed="0" covered="1"/></method><counter type="INSTRUCTION" missed="61" covered="106"/><counter type="BRANCH" missed="4" covered="4"/><counter type="LINE" missed="15" covered="23"/><counter type="COMPLEXITY" missed="10" covered="7"/><counter type="METHOD" missed="7" covered="6"/><counter type="CLASS" missed="0" covered="1"/></class><class name="pro/javatar/security/jwt/bean/jws/JWSBuilder"><method name="&lt;init&gt;" desc="()V" line="38"><counter type="INSTRUCTION" missed="0" covered="3"/><counter type="LINE" missed="0" covered="1"/><counter type="COMPLEXITY" missed="0" covered="1"/><counter type="METHOD" missed="0" covered="1"/></method><method name="type" desc="(Ljava/lang/String;)Lpro/javatar/security/jwt/bean/jws/JWSBuilder;" line="47"><counter type="INSTRUCTION" missed="5" covered="0"/><counter type="LINE" missed="2" covered="0"/><counter type="COMPLEXITY" missed="1" covered="0"/><counter type="METHOD" missed="1" covered="0"/></method><method name="kid" desc="(Ljava/lang/String;)Lpro/javatar/security/jwt/bean/jws/JWSBuilder;" line="52"><counter type="INSTRUCTION" missed="5" covered="0"/><counter type="LINE" missed="2" covered="0"/><counter type="COMPLEXITY" missed="1" covered="0"/><counter type="METHOD" missed="1" covered="0"/></method><method name="contentType" desc="(Ljava/lang/String;)Lpro/javatar/security/jwt/bean/jws/JWSBuilder;" line="57"><counter type="INSTRUCTION" missed="5" covered="0"/><counter type="LINE" missed="2" covered="0"/><counter type="COMPLEXITY" missed="1" covered="0"/><counter type="METHOD" missed="1" covered="0"/></method><method name="content" desc="([B)Lpro/javatar/security/jwt/bean/jws/JWSBuilder$EncodingBuilder;" line="62"><counter type="INSTRUCTION" missed="8" covered="0"/><counter type="LINE" missed="2" covered="0"/><counter type="COMPLEXITY" missed="1" covered="0"/><counter type="METHOD" missed="1" covered="0"/></method><method name="jsonContent" desc="(Ljava/lang/Object;)Lpro/javatar/security/jwt/bean/jws/JWSBuilder$EncodingBuilder;" line="68"><counter type="INSTRUCTION" missed="11" covered="10"/><counter type="LINE" missed="3" covered="3"/><counter type="COMPLEXITY" missed="0" covered="1"/><counter type="METHOD" missed="0" covered="1"/></method><method name="encodeHeader" desc="(Lpro/javatar/security/jwt/bean/jws/Algorithm;)Ljava/lang/String;" line="78"><counter type="INSTRUCTION" missed="38" covered="33"/><counter type="BRANCH" missed="3" covered="3"/><counter type="LINE" missed="6" covered="7"/><counter type="COMPLEXITY" missed="3" covered="1"/><counter type="METHOD" missed="0" covered="1"/></method><method name="encodeAll" desc="(Ljava/lang/StringBuilder;[B)Ljava/lang/String;" line="100"><counter type="INSTRUCTION" missed="0" covered="14"/><counter type="BRANCH" missed="1" covered="1"/><counter type="LINE" missed="0" covered="4"/><counter type="COMPLEXITY" missed="1" covered="1"/><counter type="METHOD" missed="0" covered="1"/></method><method name="encode" desc="(Lpro/javatar/security/jwt/bean/jws/Algorithm;[BLjava/lang/StringBuilder;)V" line="108"><counter type="INSTRUCTION" missed="0" covered="16"/><counter type="LINE" missed="0" covered="4"/><counter type="COMPLEXITY" missed="0" covered="1"/><counter type="METHOD" missed="0" covered="1"/></method><method name="marshalContent" desc="()[B" line="114"><counter type="INSTRUCTION" missed="0" covered="3"/><counter type="LINE" missed="0" covered="1"/><counter type="COMPLEXITY" missed="0" covered="1"/><counter type="METHOD" missed="0" covered="1"/></method><method name="&lt;clinit&gt;" desc="()V" line="39"><counter type="INSTRUCTION" missed="0" covered="5"/><counter type="LINE" missed="0" covered="1"/><counter type="COMPLEXITY" missed="0" covered="1"/><counter type="METHOD" missed="0" covered="1"/></method><counter type="INSTRUCTION" missed="72" covered="84"/><counter type="BRANCH" missed="4" covered="4"/><counter type="LINE" missed="17" covered="21"/><counter type="COMPLEXITY" missed="8" covered="7"/><counter type="METHOD" missed="4" covered="7"/><counter type="CLASS" missed="0" covered="1"/></class><sourcefile name="JWSInput.java"><line nr="35" mi="0" ci="5" mb="0" cb="0"/><line nr="46" mi="0" ci="2" mb="0" cb="0"/><line nr="48" mi="0" ci="3" mb="0" cb="0"/><line nr="49" mi="0" ci="4" mb="0" cb="0"/><line nr="50" mi="0" ci="13" mb="1" cb="3"/><line nr="51" mi="0" ci="5" mb="0" cb="0"/><line nr="52" mi="0" ci="5" mb="0" cb="0"/><line nr="53" mi="0" ci="14" mb="0" cb="0"/><line nr="54" mi="0" ci="5" mb="0" cb="0"/><line nr="55" mi="0" ci="4" mb="1" cb="1"/><line nr="56" mi="0" ci="5" mb="0" cb="0"/><line nr="57" mi="0" ci="5" mb="0" cb="0"/><line nr="60" mi="0" ci="4" mb="0" cb="0"/><line nr="61" mi="0" ci="6" mb="0" cb="0"/><line nr="62" mi="0" ci="1" mb="0" cb="0"/><line nr="63" mi="0" ci="4" mb="0" cb="0"/><line nr="64" mi="0" ci="5" mb="0" cb="0"/><line nr="65" mi="0" ci="1" mb="0" cb="0"/><line nr="66" mi="0" ci="1" mb="0" cb="0"/><line nr="69" mi="3" ci="0" mb="0" cb="0"/><line nr="73" mi="3" ci="0" mb="0" cb="0"/><line nr="77" mi="3" ci="0" mb="0" cb="0"/><line nr="81" mi="3" ci="0" mb="0" cb="0"/><line nr="84" mi="0" ci="3" mb="0" cb="0"/><line nr="88" mi="0" ci="3" mb="0" cb="0"/><line nr="92" mi="3" ci="0" mb="0" cb="0"/><line nr="96" mi="0" ci="3" mb="0" cb="0"/><line nr="100" mi="5" ci="0" mb="2" cb="0"/><line nr="101" mi="3" ci="0" mb="0" cb="0"/><line nr="102" mi="5" ci="0" mb="0" cb="0"/><line nr="104" mi="8" ci="0" mb="0" cb="0"/><line nr="109" mi="0" ci="5" mb="0" cb="0"/><line nr="110" mi="1" ci="0" mb="0" cb="0"/><line nr="111" mi="4" ci="0" mb="0" cb="0"/><line nr="112" mi="5" ci="0" mb="0" cb="0"/><line nr="118" mi="7" ci="0" mb="0" cb="0"/><line nr="119" mi="1" ci="0" mb="0" cb="0"/><line nr="120" mi="7" ci="0" mb="0" cb="0"/><counter type="INSTRUCTION" missed="61" covered="106"/><counter type="BRANCH" missed="4" covered="4"/><counter type="LINE" missed="15" covered="23"/><counter type="COMPLEXITY" missed="10" covered="7"/><counter type="METHOD" missed="7" covered="6"/><counter type="CLASS" missed="0" covered="1"/></sourcefile><sourcefile name="JWSInputException.java"><line nr="26" mi="3" ci="0" mb="0" cb="0"/><line nr="27" mi="1" ci="0" mb="0" cb="0"/><line nr="29" mi="2" ci="0" mb="0" cb="0"/><line nr="30" mi="1" ci="0" mb="0" cb="0"/><line nr="33" mi="0" ci="3" mb="0" cb="0"/><line nr="34" mi="0" ci="1" mb="0" cb="0"/><counter type="INSTRUCTION" missed="7" covered="4"/><counter type="LINE" missed="4" covered="2"/><counter type="COMPLEXITY" missed="2" covered="1"/><counter type="METHOD" missed="2" covered="1"/><counter type="CLASS" missed="0" covered="1"/></sourcefile><sourcefile name="JWSHeader.java"><line nr="38" mi="0" ci="4" mb="0" cb="0"/><line nr="52" mi="0" ci="2" mb="0" cb="0"/><line nr="53" mi="0" ci="1" mb="0" cb="0"/><line nr="55" mi="2" ci="0" mb="0" cb="0"/><line nr="56" mi="3" ci="0" mb="0" cb="0"/><line nr="57" mi="3" ci="0" mb="0" cb="0"/><line nr="58" mi="3" ci="0" mb="0" cb="0"/><line nr="59" mi="1" ci="0" mb="0" cb="0"/><line nr="62" mi="0" ci="3" mb="0" cb="0"/><line nr="66" mi="3" ci="0" mb="0" cb="0"/><line nr="70" mi="3" ci="0" mb="0" cb="0"/><line nr="74" mi="3" ci="0" mb="0" cb="0"/><line nr="77" mi="0" ci="4" mb="0" cb="0"/><line nr="80" mi="0" ci="4" mb="0" cb="0"/><line nr="82" mi="0" ci="1" mb="0" cb="0"/><line nr="86" mi="4" ci="0" mb="0" cb="0"/><line nr="87" mi="1" ci="0" mb="0" cb="0"/><line nr="88" mi="4" ci="0" mb="0" cb="0"/><line nr="89" mi="7" ci="0" mb="0" cb="0"/><counter type="INSTRUCTION" missed="37" covered="19"/><counter type="LINE" missed="12" covered="7"/><counter type="COMPLEXITY" missed="5" covered="3"/><counter type="METHOD" missed="5" covered="3"/><counter type="CLASS" missed="0" covered="1"/></sourcefile><sourcefile name="AlgorithmType.java"><line nr="24" mi="9" ci="21" mb="0" cb="0"/><line nr="26" mi="0" ci="6" mb="0" cb="0"/><line nr="27" mi="0" ci="6" mb="0" cb="0"/><line nr="28" mi="0" ci="6" mb="0" cb="0"/><counter type="INSTRUCTION" missed="9" covered="39"/><counter type="LINE" missed="0" covered="4"/><counter type="COMPLEXITY" missed="2" covered="2"/><counter type="METHOD" missed="2" covered="2"/><counter type="CLASS" missed="0" covered="1"/></sourcefile><sourcefile name="Algorithm.java"><line nr="27" mi="5" ci="48" mb="0" cb="0"/><line nr="29" mi="0" ci="8" mb="0" cb="0"/><line nr="30" mi="0" ci="8" mb="0" cb="0"/><line nr="31" mi="0" ci="8" mb="0" cb="0"/><line nr="32" mi="0" ci="8" mb="0" cb="0"/><line nr="33" mi="0" ci="10" mb="0" cb="0"/><line nr="34" mi="0" ci="10" mb="0" cb="0"/><line nr="35" mi="0" ci="10" mb="0" cb="0"/><line nr="36" mi="0" ci="8" mb="0" cb="0"/><line nr="37" mi="0" ci="8" mb="0" cb="0"/><line nr="38" mi="0" ci="8" mb="0" cb="0"/><line nr="44" mi="0" ci="4" mb="0" cb="0"/><line nr="45" mi="0" ci="3" mb="0" cb="0"/><line nr="46" mi="0" ci="3" mb="0" cb="0"/><line nr="47" mi="0" ci="1" mb="0" cb="0"/><line nr="50" mi="0" ci="3" mb="0" cb="0"/><line nr="54" mi="3" ci="0" mb="0" cb="0"/><counter type="INSTRUCTION" missed="8" covered="148"/><counter type="LINE" missed="1" covered="16"/><counter type="COMPLEXITY" missed="2" covered="4"/><counter type="METHOD" missed="2" covered="4"/><counter type="CLASS" missed="0" covered="1"/></sourcefile><sourcefile name="JWSBuilder.java"><line nr="38" mi="0" ci="3" mb="0" cb="0"/><line nr="39" mi="0" ci="5" mb="0" cb="0"/><line nr="47" mi="3" ci="0" mb="0" cb="0"/><line nr="48" mi="2" ci="0" mb="0" cb="0"/><line nr="52" mi="3" ci="0" mb="0" cb="0"/><line nr="53" mi="2" ci="0" mb="0" cb="0"/><line nr="57" mi="3" ci="0" mb="0" cb="0"/><line nr="58" mi="2" ci="0" mb="0" cb="0"/><line nr="62" mi="3" ci="0" mb="0" cb="0"/><line nr="63" mi="5" ci="0" mb="0" cb="0"/><line nr="68" mi="0" ci="4" mb="0" cb="0"/><line nr="69" mi="1" ci="0" mb="0" cb="0"/><line nr="70" mi="4" ci="0" mb="0" cb="0"/><line nr="71" mi="6" ci="0" mb="0" cb="0"/><line nr="72" mi="0" ci="1" mb="0" cb="0"/><line nr="73" mi="0" ci="5" mb="0" cb="0"/><line nr="78" mi="0" ci="5" mb="0" cb="0"/><line nr="79" mi="0" ci="9" mb="0" cb="0"/><line nr="81" mi="0" ci="3" mb="1" cb="1"/><line nr="82" mi="9" ci="0" mb="0" cb="0"/><line nr="84" mi="0" ci="3" mb="1" cb="1"/><line nr="85" mi="9" ci="0" mb="0" cb="0"/><line nr="87" mi="0" ci="3" mb="1" cb="1"/><line nr="88" mi="9" ci="0" mb="0" cb="0"/><line nr="90" mi="0" ci="4" mb="0" cb="0"/><line nr="92" mi="0" ci="6" mb="0" cb="0"/><line nr="93" mi="1" ci="0" mb="0" cb="0"/><line nr="94" mi="4" ci="0" mb="0" cb="0"/><line nr="95" mi="6" ci="0" mb="0" cb="0"/><line nr="100" mi="0" ci="4" mb="0" cb="0"/><line nr="101" mi="0" ci="2" mb="1" cb="1"/><line nr="102" mi="0" ci="5" mb="0" cb="0"/><line nr="104" mi="0" ci="3" mb="0" cb="0"/><line nr="108" mi="0" ci="6" mb="0" cb="0"/><line nr="109" mi="0" ci="4" mb="0" cb="0"/><line nr="110" mi="0" ci="5" mb="0" cb="0"/><line nr="111" mi="0" ci="1" mb="0" cb="0"/><line nr="114" mi="0" ci="3" mb="0" cb="0"/><line nr="117" mi="0" ci="6" mb="0" cb="0"/><line nr="119" mi="4" ci="0" mb="0" cb="0"/><line nr="120" mi="4" ci="0" mb="0" cb="0"/><line nr="121" mi="6" ci="0" mb="0" cb="0"/><line nr="122" mi="6" ci="0" mb="0" cb="0"/><line nr="126" mi="0" ci="4" mb="0" cb="0"/><line nr="127" mi="0" ci="4" mb="0" cb="0"/><line nr="128" mi="0" ci="6" mb="0" cb="0"/><line nr="129" mi="0" ci="2" mb="0" cb="0"/><line nr="131" mi="0" ci="8" mb="0" cb="0"/><line nr="132" mi="1" ci="0" mb="0" cb="0"/><line nr="133" mi="4" ci="0" mb="0" cb="0"/><line nr="134" mi="6" ci="0" mb="0" cb="0"/><line nr="135" mi="0" ci="1" mb="0" cb="0"/><line nr="136" mi="0" ci="6" mb="0" cb="0"/><line nr="140" mi="0" ci="5" mb="0" cb="0"/><line nr="144" mi="5" ci="0" mb="0" cb="0"/><line nr="148" mi="5" ci="0" mb="0" cb="0"/><line nr="153" mi="4" ci="0" mb="0" cb="0"/><line nr="154" mi="4" ci="0" mb="0" cb="0"/><line nr="155" mi="6" ci="0" mb="0" cb="0"/><line nr="156" mi="2" ci="0" mb="0" cb="0"/><line nr="158" mi="8" ci="0" mb="0" cb="0"/><line nr="159" mi="1" ci="0" mb="0" cb="0"/><line nr="160" mi="4" ci="0" mb="0" cb="0"/><line nr="161" mi="7" ci="0" mb="0" cb="0"/><line nr="162" mi="1" ci="0" mb="0" cb="0"/><line nr="163" mi="6" ci="0" mb="0" cb="0"/><line nr="167" mi="4" ci="0" mb="0" cb="0"/><line nr="168" mi="4" ci="0" mb="0" cb="0"/><line nr="169" mi="6" ci="0" mb="0" cb="0"/><line nr="170" mi="2" ci="0" mb="0" cb="0"/><line nr="172" mi="8" ci="0" mb="0" cb="0"/><line nr="173" mi="1" ci="0" mb="0" cb="0"/><line nr="174" mi="4" ci="0" mb="0" cb="0"/><line nr="175" mi="7" ci="0" mb="0" cb="0"/><line nr="176" mi="1" ci="0" mb="0" cb="0"/><line nr="177" mi="6" ci="0" mb="0" cb="0"/><line nr="181" mi="4" ci="0" mb="0" cb="0"/><line nr="182" mi="4" ci="0" mb="0" cb="0"/><line nr="183" mi="6" ci="0" mb="0" cb="0"/><line nr="184" mi="2" ci="0" mb="0" cb="0"/><line nr="186" mi="8" ci="0" mb="0" cb="0"/><line nr="187" mi="1" ci="0" mb="0" cb="0"/><line nr="188" mi="4" ci="0" mb="0" cb="0"/><line nr="189" mi="7" ci="0" mb="0" cb="0"/><line nr="190" mi="1" ci="0" mb="0" cb="0"/><line nr="191" mi="6" ci="0" mb="0" cb="0"/><line nr="195" mi="4" ci="0" mb="0" cb="0"/><line nr="196" mi="4" ci="0" mb="0" cb="0"/><line nr="197" mi="6" ci="0" mb="0" cb="0"/><line nr="198" mi="2" ci="0" mb="0" cb="0"/><line nr="200" mi="8" ci="0" mb="0" cb="0"/><line nr="201" mi="1" ci="0" mb="0" cb="0"/><line nr="202" mi="4" ci="0" mb="0" cb="0"/><line nr="203" mi="7" ci="0" mb="0" cb="0"/><line nr="204" mi="1" ci="0" mb="0" cb="0"/><line nr="205" mi="6" ci="0" mb="0" cb="0"/><line nr="209" mi="4" ci="0" mb="0" cb="0"/><line nr="210" mi="4" ci="0" mb="0" cb="0"/><line nr="211" mi="6" ci="0" mb="0" cb="0"/><line nr="212" mi="2" ci="0" mb="0" cb="0"/><line nr="214" mi="8" ci="0" mb="0" cb="0"/><line nr="215" mi="1" ci="0" mb="0" cb="0"/><line nr="216" mi="4" ci="0" mb="0" cb="0"/><line nr="217" mi="7" ci="0" mb="0" cb="0"/><line nr="218" mi="1" ci="0" mb="0" cb="0"/><line nr="219" mi="6" ci="0" mb="0" cb="0"/><line nr="223" mi="4" ci="0" mb="0" cb="0"/><line nr="224" mi="4" ci="0" mb="0" cb="0"/><line nr="225" mi="6" ci="0" mb="0" cb="0"/><line nr="226" mi="2" ci="0" mb="0" cb="0"/><line nr="228" mi="8" ci="0" mb="0" cb="0"/><line nr="229" mi="1" ci="0" mb="0" cb="0"/><line nr="230" mi="4" ci="0" mb="0" cb="0"/><line nr="231" mi="7" ci="0" mb="0" cb="0"/><line nr="232" mi="1" ci="0" mb="0" cb="0"/><line nr="233" mi="6" ci="0" mb="0" cb="0"/><counter type="INSTRUCTION" missed="371" covered="126"/><counter type="BRANCH" missed="4" covered="4"/><counter type="LINE" missed="86" covered="30"/><counter type="COMPLEXITY" missed="17" covered="10"/><counter type="METHOD" missed="13" covered="10"/><counter type="CLASS" missed="0" covered="2"/></sourcefile><counter type="INSTRUCTION" missed="493" covered="442"/><counter type="BRANCH" missed="8" covered="8"/><counter type="LINE" missed="118" covered="82"/><counter type="COMPLEXITY" missed="38" covered="27"/><counter type="METHOD" missed="31" covered="26"/><counter type="CLASS" missed="0" covered="7"/></package><counter type="INSTRUCTION" missed="3834" covered="5979"/><counter type="BRANCH" missed="399" covered="115"/><counter type="LINE" missed="940" covered="489"/><counter type="COMPLEXITY" missed="449" covered="209"/><counter type="METHOD" missed="216" covered="180"/><counter type="CLASS" missed="18" covered="30"/></report>